<?xml version="1.0" encoding="UTF-8"?>
<coverage generated="1772907005449" clover="3.2.0">
  <project timestamp="1772907005449" name="All files">
    <metrics statements="582" coveredstatements="538" conditionals="151" coveredconditionals="141" methods="58" coveredmethods="53" elements="791" coveredelements="732" complexity="0" loc="582" ncloc="582" packages="5" files="7" classes="7"/>
    <package name="src">
      <metrics statements="18" coveredstatements="18" conditionals="4" coveredconditionals="4" methods="2" coveredmethods="2"/>
      <file name="App.tsx" path="/Users/brittanyrooney/Documents/projects/meal-planner-node/frontend/src/App.tsx">
        <metrics statements="18" coveredstatements="18" conditionals="3" coveredconditionals="3" methods="1" coveredmethods="1"/>
        <line num="1" count="1" type="stmt"/>
        <line num="6" count="3" type="cond" truecount="1" falsecount="0"/>
        <line num="7" count="3" type="stmt"/>
        <line num="9" count="3" type="cond" truecount="2" falsecount="0"/>
        <line num="11" count="2" type="stmt"/>
        <line num="12" count="2" type="stmt"/>
        <line num="13" count="2" type="stmt"/>
        <line num="14" count="2" type="stmt"/>
        <line num="15" count="2" type="stmt"/>
        <line num="16" count="2" type="stmt"/>
        <line num="17" count="2" type="stmt"/>
        <line num="18" count="2" type="stmt"/>
        <line num="19" count="2" type="stmt"/>
        <line num="20" count="2" type="stmt"/>
        <line num="21" count="2" type="stmt"/>
        <line num="22" count="2" type="stmt"/>
        <line num="23" count="2" type="stmt"/>
        <line num="25" count="2" type="stmt"/>
      </file>
      <file name="types.ts" path="/Users/brittanyrooney/Documents/projects/meal-planner-node/frontend/src/types.ts">
        <metrics statements="0" coveredstatements="0" conditionals="1" coveredconditionals="1" methods="1" coveredmethods="1"/>
      </file>
    </package>
    <package name="src.components">
      <metrics statements="79" coveredstatements="79" conditionals="13" coveredconditionals="12" methods="8" coveredmethods="6"/>
      <file name="MealPickerModal.tsx" path="/Users/brittanyrooney/Documents/projects/meal-planner-node/frontend/src/components/MealPickerModal.tsx">
        <metrics statements="79" coveredstatements="79" conditionals="13" coveredconditionals="12" methods="8" coveredmethods="6"/>
        <line num="1" count="1" type="stmt"/>
        <line num="12" count="1" type="stmt"/>
        <line num="13" count="1" type="stmt"/>
        <line num="14" count="1" type="stmt"/>
        <line num="15" count="1" type="stmt"/>
        <line num="16" count="1" type="stmt"/>
        <line num="17" count="1" type="stmt"/>
        <line num="18" count="1" type="stmt"/>
        <line num="19" count="1" type="stmt"/>
        <line num="20" count="1" type="stmt"/>
        <line num="21" count="1" type="stmt"/>
        <line num="22" count="1" type="stmt"/>
        <line num="23" count="1" type="stmt"/>
        <line num="24" count="1" type="stmt"/>
        <line num="25" count="1" type="stmt"/>
        <line num="26" count="1" type="stmt"/>
        <line num="27" count="1" type="stmt"/>
        <line num="28" count="1" type="stmt"/>
        <line num="29" count="1" type="stmt"/>
        <line num="30" count="1" type="stmt"/>
        <line num="31" count="1" type="stmt"/>
        <line num="32" count="1" type="stmt"/>
        <line num="33" count="1" type="stmt"/>
        <line num="34" count="1" type="stmt"/>
        <line num="36" count="1" type="cond" truecount="1" falsecount="0"/>
        <line num="37" count="37" type="stmt"/>
        <line num="38" count="37" type="cond" truecount="0" falsecount="1"/>
        <line num="39" count="37" type="stmt"/>
        <line num="40" count="37" type="stmt"/>
        <line num="42" count="20" type="cond" truecount="1" falsecount="0"/>
        <line num="43" count="20" type="stmt"/>
        <line num="44" count="20" type="stmt"/>
        <line num="45" count="20" type="stmt"/>
        <line num="47" count="20" type="cond" truecount="1" falsecount="0"/>
        <line num="48" count="10" type="stmt"/>
        <line num="49" count="10" type="cond" truecount="2" falsecount="0"/>
        <line num="50" count="10" type="stmt"/>
        <line num="51" count="10" type="cond" truecount="1" falsecount="0"/>
        <line num="52" count="20" type="stmt"/>
        <line num="54" count="20" type="cond" truecount="1" falsecount="0"/>
        <line num="56" count="20" type="stmt"/>
        <line num="57" count="20" type="stmt"/>
        <line num="58" count="20" type="cond" truecount="1" falsecount="0"/>
        <line num="59" count="20" type="stmt"/>
        <line num="60" count="20" type="stmt"/>
        <line num="61" count="20" type="stmt"/>
        <line num="62" count="20" type="stmt"/>
        <line num="63" count="20" type="stmt"/>
        <line num="64" count="20" type="stmt"/>
        <line num="65" count="20" type="stmt"/>
        <line num="66" count="20" type="cond" truecount="1" falsecount="0"/>
        <line num="67" count="20" type="stmt"/>
        <line num="68" count="20" type="stmt"/>
        <line num="69" count="20" type="stmt"/>
        <line num="70" count="20" type="stmt"/>
        <line num="71" count="20" type="cond" truecount="1" falsecount="0"/>
        <line num="72" count="37" type="stmt"/>
        <line num="73" count="37" type="stmt"/>
        <line num="74" count="37" type="stmt"/>
        <line num="75" count="37" type="stmt"/>
        <line num="76" count="37" type="stmt"/>
        <line num="77" count="37" type="cond" truecount="1" falsecount="0"/>
        <line num="79" count="37" type="stmt"/>
        <line num="80" count="37" type="stmt"/>
        <line num="81" count="37" type="stmt"/>
        <line num="82" count="37" type="stmt"/>
        <line num="83" count="37" type="stmt"/>
        <line num="84" count="37" type="stmt"/>
        <line num="85" count="37" type="stmt"/>
        <line num="86" count="37" type="stmt"/>
        <line num="87" count="20" type="stmt"/>
        <line num="88" count="20" type="cond" truecount="1" falsecount="0"/>
        <line num="89" count="3" type="stmt"/>
        <line num="90" count="3" type="stmt"/>
        <line num="91" count="3" type="stmt"/>
        <line num="93" count="20" type="stmt"/>
        <line num="94" count="20" type="stmt"/>
        <line num="95" count="20" type="stmt"/>
        <line num="97" count="20" type="stmt"/>
      </file>
    </package>
    <package name="src.context">
      <metrics statements="29" coveredstatements="29" conditionals="12" coveredconditionals="12" methods="5" coveredmethods="5"/>
      <file name="AuthContext.tsx" path="/Users/brittanyrooney/Documents/projects/meal-planner-node/frontend/src/context/AuthContext.tsx">
        <metrics statements="29" coveredstatements="29" conditionals="12" coveredconditionals="12" methods="5" coveredmethods="5"/>
        <line num="1" count="1" type="stmt"/>
        <line num="16" count="1" type="stmt"/>
        <line num="18" count="1" type="cond" truecount="1" falsecount="0"/>
        <line num="19" count="9" type="cond" truecount="1" falsecount="0"/>
        <line num="20" count="6" type="stmt"/>
        <line num="21" count="6" type="cond" truecount="3" falsecount="0"/>
        <line num="22" count="9" type="stmt"/>
        <line num="24" count="9" type="cond" truecount="1" falsecount="0"/>
        <line num="25" count="2" type="cond" truecount="1" falsecount="0"/>
        <line num="26" count="1" type="stmt"/>
        <line num="27" count="2" type="stmt"/>
        <line num="29" count="9" type="cond" truecount="1" falsecount="0"/>
        <line num="30" count="1" type="stmt"/>
        <line num="31" count="1" type="stmt"/>
        <line num="32" count="1" type="stmt"/>
        <line num="34" count="9" type="cond" truecount="1" falsecount="0"/>
        <line num="35" count="1" type="stmt"/>
        <line num="36" count="1" type="stmt"/>
        <line num="37" count="1" type="stmt"/>
        <line num="39" count="9" type="stmt"/>
        <line num="40" count="9" type="stmt"/>
        <line num="41" count="9" type="stmt"/>
        <line num="42" count="9" type="stmt"/>
        <line num="44" count="9" type="stmt"/>
        <line num="46" count="1" type="cond" truecount="1" falsecount="0"/>
        <line num="47" count="13" type="stmt"/>
        <line num="48" count="13" type="cond" truecount="2" falsecount="0"/>
        <line num="49" count="9" type="stmt"/>
        <line num="50" count="9" type="stmt"/>
      </file>
    </package>
    <package name="src.pages">
      <metrics statements="336" coveredstatements="297" conditionals="94" coveredconditionals="87" methods="25" coveredmethods="22"/>
      <file name="AuthPage.tsx" path="/Users/brittanyrooney/Documents/projects/meal-planner-node/frontend/src/pages/AuthPage.tsx">
        <metrics statements="83" coveredstatements="83" conditionals="24" coveredconditionals="23" methods="7" coveredmethods="6"/>
        <line num="1" count="1" type="stmt"/>
        <line num="5" count="111" type="cond" truecount="1" falsecount="0"/>
        <line num="6" count="111" type="stmt"/>
        <line num="7" count="111" type="stmt"/>
        <line num="8" count="111" type="stmt"/>
        <line num="9" count="111" type="stmt"/>
        <line num="10" count="111" type="stmt"/>
        <line num="11" count="111" type="stmt"/>
        <line num="12" count="111" type="stmt"/>
        <line num="14" count="111" type="cond" truecount="1" falsecount="0"/>
        <line num="15" count="6" type="stmt"/>
        <line num="16" count="6" type="stmt"/>
        <line num="17" count="6" type="stmt"/>
        <line num="18" count="6" type="stmt"/>
        <line num="19" count="6" type="cond" truecount="1" falsecount="0"/>
        <line num="20" count="4" type="cond" truecount="1" falsecount="0"/>
        <line num="21" count="6" type="cond" truecount="1" falsecount="0"/>
        <line num="22" count="2" type="cond" truecount="1" falsecount="0"/>
        <line num="23" count="1" type="stmt"/>
        <line num="24" count="6" type="cond" truecount="1" falsecount="0"/>
        <line num="25" count="3" type="cond" truecount="0" falsecount="1"/>
        <line num="26" count="6" type="stmt"/>
        <line num="27" count="6" type="stmt"/>
        <line num="28" count="6" type="stmt"/>
        <line num="29" count="6" type="stmt"/>
        <line num="31" count="111" type="stmt"/>
        <line num="32" count="111" type="stmt"/>
        <line num="33" count="111" type="stmt"/>
        <line num="34" count="111" type="stmt"/>
        <line num="36" count="111" type="stmt"/>
        <line num="37" count="111" type="stmt"/>
        <line num="38" count="111" type="cond" truecount="2" falsecount="0"/>
        <line num="39" count="111" type="stmt"/>
        <line num="40" count="111" type="stmt"/>
        <line num="41" count="111" type="stmt"/>
        <line num="43" count="111" type="stmt"/>
        <line num="44" count="111" type="stmt"/>
        <line num="45" count="111" type="cond" truecount="2" falsecount="0"/>
        <line num="46" count="111" type="cond" truecount="1" falsecount="0"/>
        <line num="47" count="111" type="stmt"/>
        <line num="48" count="111" type="stmt"/>
        <line num="50" count="111" type="stmt"/>
        <line num="51" count="111" type="stmt"/>
        <line num="53" count="111" type="stmt"/>
        <line num="54" count="111" type="stmt"/>
        <line num="56" count="111" type="stmt"/>
        <line num="57" count="111" type="stmt"/>
        <line num="58" count="111" type="stmt"/>
        <line num="59" count="111" type="stmt"/>
        <line num="60" count="111" type="cond" truecount="1" falsecount="0"/>
        <line num="61" count="111" type="stmt"/>
        <line num="62" count="111" type="stmt"/>
        <line num="63" count="111" type="stmt"/>
        <line num="64" count="111" type="stmt"/>
        <line num="66" count="111" type="cond" truecount="1" falsecount="0"/>
        <line num="67" count="52" type="stmt"/>
        <line num="69" count="52" type="stmt"/>
        <line num="70" count="52" type="stmt"/>
        <line num="71" count="52" type="stmt"/>
        <line num="72" count="52" type="stmt"/>
        <line num="73" count="52" type="cond" truecount="1" falsecount="0"/>
        <line num="74" count="52" type="stmt"/>
        <line num="75" count="52" type="stmt"/>
        <line num="76" count="52" type="stmt"/>
        <line num="77" count="52" type="stmt"/>
        <line num="80" count="111" type="stmt"/>
        <line num="82" count="111" type="stmt"/>
        <line num="83" count="111" type="stmt"/>
        <line num="84" count="111" type="stmt"/>
        <line num="85" count="111" type="stmt"/>
        <line num="86" count="111" type="cond" truecount="1" falsecount="0"/>
        <line num="87" count="111" type="cond" truecount="2" falsecount="0"/>
        <line num="88" count="111" type="stmt"/>
        <line num="89" count="111" type="stmt"/>
        <line num="90" count="111" type="stmt"/>
        <line num="92" count="111" type="cond" truecount="1" falsecount="0"/>
        <line num="94" count="111" type="stmt"/>
        <line num="95" count="111" type="cond" truecount="4" falsecount="0"/>
        <line num="96" count="111" type="stmt"/>
        <line num="97" count="111" type="stmt"/>
        <line num="98" count="111" type="stmt"/>
        <line num="99" count="111" type="stmt"/>
        <line num="101" count="111" type="stmt"/>
      </file>
      <file name="PlannerPage.tsx" path="/Users/brittanyrooney/Documents/projects/meal-planner-node/frontend/src/pages/PlannerPage.tsx">
        <metrics statements="253" coveredstatements="214" conditionals="70" coveredconditionals="64" methods="18" coveredmethods="16"/>
        <line num="1" count="1" type="stmt"/>
        <line num="14" count="1" type="stmt"/>
        <line num="15" count="1" type="stmt"/>
        <line num="16" count="1" type="stmt"/>
        <line num="17" count="1" type="stmt"/>
        <line num="21" count="24" type="cond" truecount="1" falsecount="0"/>
        <line num="22" count="24" type="stmt"/>
        <line num="23" count="24" type="cond" truecount="1" falsecount="0"/>
        <line num="24" count="24" type="stmt"/>
        <line num="25" count="24" type="stmt"/>
        <line num="28" count="0" type="stmt"/>
        <line num="29" count="0" type="stmt"/>
        <line num="30" count="0" type="stmt"/>
        <line num="31" count="0" type="stmt"/>
        <line num="32" count="0" type="stmt"/>
        <line num="33" count="0" type="stmt"/>
        <line num="34" count="0" type="stmt"/>
        <line num="36" count="0" type="stmt"/>
        <line num="39" count="222" type="cond" truecount="1" falsecount="0"/>
        <line num="40" count="222" type="stmt"/>
        <line num="41" count="222" type="stmt"/>
        <line num="42" count="222" type="stmt"/>
        <line num="43" count="222" type="stmt"/>
        <line num="44" count="222" type="stmt"/>
        <line num="45" count="222" type="stmt"/>
        <line num="46" count="222" type="stmt"/>
        <line num="47" count="222" type="stmt"/>
        <line num="48" count="222" type="stmt"/>
        <line num="49" count="222" type="stmt"/>
        <line num="50" count="222" type="stmt"/>
        <line num="52" count="222" type="stmt"/>
        <line num="56" count="93" type="cond" truecount="1" falsecount="0"/>
        <line num="57" count="93" type="stmt"/>
        <line num="58" count="93" type="stmt"/>
        <line num="59" count="93" type="stmt"/>
        <line num="60" count="93" type="stmt"/>
        <line num="61" count="93" type="stmt"/>
        <line num="62" count="93" type="stmt"/>
        <line num="63" count="93" type="stmt"/>
        <line num="64" count="93" type="stmt"/>
        <line num="66" count="93" type="cond" truecount="1" falsecount="0"/>
        <line num="68" count="93" type="cond" truecount="1" falsecount="0"/>
        <line num="69" count="30" type="stmt"/>
        <line num="70" count="30" type="stmt"/>
        <line num="71" count="30" type="stmt"/>
        <line num="72" count="30" type="stmt"/>
        <line num="73" count="30" type="cond" truecount="0" falsecount="1"/>
        <line num="74" count="30" type="stmt"/>
        <line num="75" count="93" type="stmt"/>
        <line num="77" count="93" type="cond" truecount="1" falsecount="0"/>
        <line num="79" count="93" type="cond" truecount="1" falsecount="0"/>
        <line num="80" count="2" type="cond" truecount="1" falsecount="0"/>
        <line num="81" count="2" type="stmt"/>
        <line num="82" count="2" type="stmt"/>
        <line num="84" count="93" type="cond" truecount="1" falsecount="0"/>
        <line num="85" count="2" type="cond" truecount="1" falsecount="0"/>
        <line num="86" count="2" type="stmt"/>
        <line num="87" count="2" type="stmt"/>
        <line num="89" count="93" type="cond" truecount="1" falsecount="0"/>
        <line num="90" count="2" type="cond" truecount="0" falsecount="1"/>
        <line num="91" count="2" type="stmt"/>
        <line num="92" count="2" type="stmt"/>
        <line num="93" count="2" type="stmt"/>
        <line num="96" count="93" type="cond" truecount="1" falsecount="0"/>
        <line num="98" count="1" type="stmt"/>
        <line num="99" count="1" type="stmt"/>
        <line num="100" count="1" type="stmt"/>
        <line num="101" count="1" type="stmt"/>
        <line num="102" count="1" type="cond" truecount="0" falsecount="1"/>
        <line num="103" count="0" type="stmt"/>
        <line num="104" count="0" type="stmt"/>
        <line num="105" count="0" type="stmt"/>
        <line num="108" count="0" type="stmt"/>
        <line num="110" count="0" type="stmt"/>
        <line num="113" count="0" type="stmt"/>
        <line num="114" count="0" type="stmt"/>
        <line num="115" count="0" type="stmt"/>
        <line num="116" count="0" type="stmt"/>
        <line num="117" count="0" type="stmt"/>
        <line num="118" count="0" type="stmt"/>
        <line num="119" count="0" type="stmt"/>
        <line num="120" count="0" type="stmt"/>
        <line num="121" count="0" type="stmt"/>
        <line num="122" count="0" type="stmt"/>
        <line num="123" count="0" type="stmt"/>
        <line num="125" count="0" type="stmt"/>
        <line num="126" count="0" type="stmt"/>
        <line num="127" count="0" type="stmt"/>
        <line num="128" count="0" type="stmt"/>
        <line num="129" count="0" type="stmt"/>
        <line num="130" count="0" type="stmt"/>
        <line num="131" count="0" type="stmt"/>
        <line num="132" count="0" type="stmt"/>
        <line num="133" count="0" type="stmt"/>
        <line num="134" count="0" type="stmt"/>
        <line num="135" count="0" type="stmt"/>
        <line num="136" count="0" type="stmt"/>
        <line num="137" count="0" type="stmt"/>
        <line num="138" count="0" type="stmt"/>
        <line num="139" count="0" type="stmt"/>
        <line num="140" count="1" type="stmt"/>
        <line num="143" count="93" type="cond" truecount="1" falsecount="0"/>
        <line num="144" count="93" type="stmt"/>
        <line num="145" count="93" type="cond" truecount="1" falsecount="0"/>
        <line num="146" count="93" type="stmt"/>
        <line num="147" count="93" type="stmt"/>
        <line num="148" count="93" type="cond" truecount="2" falsecount="0"/>
        <line num="149" count="93" type="stmt"/>
        <line num="150" count="93" type="cond" truecount="1" falsecount="0"/>
        <line num="151" count="93" type="stmt"/>
        <line num="152" count="93" type="stmt"/>
        <line num="155" count="93" type="stmt"/>
        <line num="156" count="93" type="stmt"/>
        <line num="159" count="93" type="stmt"/>
        <line num="160" count="93" type="stmt"/>
        <line num="161" count="93" type="stmt"/>
        <line num="162" count="93" type="stmt"/>
        <line num="163" count="93" type="stmt"/>
        <line num="164" count="93" type="stmt"/>
        <line num="165" count="93" type="stmt"/>
        <line num="166" count="93" type="cond" truecount="2" falsecount="0"/>
        <line num="167" count="93" type="stmt"/>
        <line num="168" count="93" type="cond" truecount="2" falsecount="0"/>
        <line num="169" count="93" type="cond" truecount="1" falsecount="0"/>
        <line num="170" count="15" type="cond" truecount="1" falsecount="0"/>
        <line num="172" count="93" type="stmt"/>
        <line num="173" count="93" type="cond" truecount="1" falsecount="0"/>
        <line num="174" count="12" type="stmt"/>
        <line num="175" count="12" type="stmt"/>
        <line num="176" count="12" type="stmt"/>
        <line num="177" count="12" type="stmt"/>
        <line num="179" count="93" type="cond" truecount="1" falsecount="0"/>
        <line num="180" count="93" type="cond" truecount="1" falsecount="1"/>
        <line num="181" count="93" type="stmt"/>
        <line num="182" count="93" type="stmt"/>
        <line num="183" count="93" type="stmt"/>
        <line num="185" count="93" type="cond" truecount="1" falsecount="0"/>
        <line num="188" count="93" type="stmt"/>
        <line num="191" count="93" type="stmt"/>
        <line num="194" count="93" type="stmt"/>
        <line num="195" count="93" type="cond" truecount="1" falsecount="0"/>
        <line num="196" count="644" type="cond" truecount="1" falsecount="0"/>
        <line num="197" count="644" type="stmt"/>
        <line num="198" count="644" type="stmt"/>
        <line num="199" count="644" type="cond" truecount="3" falsecount="0"/>
        <line num="200" count="644" type="stmt"/>
        <line num="201" count="644" type="cond" truecount="1" falsecount="1"/>
        <line num="202" count="644" type="stmt"/>
        <line num="204" count="93" type="stmt"/>
        <line num="205" count="93" type="stmt"/>
        <line num="208" count="93" type="stmt"/>
        <line num="209" count="93" type="cond" truecount="1" falsecount="0"/>
        <line num="210" count="368" type="stmt"/>
        <line num="211" count="368" type="stmt"/>
        <line num="212" count="368" type="cond" truecount="3" falsecount="0"/>
        <line num="213" count="368" type="stmt"/>
        <line num="214" count="368" type="cond" truecount="1" falsecount="0"/>
        <line num="215" count="120" type="cond" truecount="1" falsecount="0"/>
        <line num="216" count="248" type="cond" truecount="1" falsecount="0"/>
        <line num="217" count="14" type="stmt"/>
        <line num="218" count="14" type="stmt"/>
        <line num="219" count="14" type="stmt"/>
        <line num="220" count="14" type="stmt"/>
        <line num="221" count="14" type="cond" truecount="1" falsecount="0"/>
        <line num="222" count="14" type="cond" truecount="1" falsecount="0"/>
        <line num="224" count="234" type="cond" truecount="1" falsecount="0"/>
        <line num="226" count="368" type="stmt"/>
        <line num="228" count="93" type="stmt"/>
        <line num="229" count="93" type="stmt"/>
        <line num="232" count="93" type="stmt"/>
        <line num="233" count="93" type="stmt"/>
        <line num="234" count="93" type="stmt"/>
        <line num="235" count="93" type="cond" truecount="1" falsecount="0"/>
        <line num="236" count="644" type="cond" truecount="3" falsecount="0"/>
        <line num="237" count="644" type="stmt"/>
        <line num="238" count="644" type="stmt"/>
        <line num="239" count="644" type="cond" truecount="2" falsecount="0"/>
        <line num="240" count="644" type="cond" truecount="2" falsecount="0"/>
        <line num="241" count="644" type="stmt"/>
        <line num="242" count="644" type="cond" truecount="1" falsecount="0"/>
        <line num="243" count="2576" type="cond" truecount="2" falsecount="0"/>
        <line num="244" count="644" type="stmt"/>
        <line num="245" count="644" type="stmt"/>
        <line num="246" count="644" type="cond" truecount="1" falsecount="0"/>
        <line num="247" count="644" type="stmt"/>
        <line num="249" count="93" type="stmt"/>
        <line num="250" count="93" type="stmt"/>
        <line num="251" count="93" type="stmt"/>
        <line num="252" count="93" type="stmt"/>
        <line num="255" count="93" type="stmt"/>
        <line num="258" count="93" type="stmt"/>
        <line num="259" count="93" type="stmt"/>
        <line num="260" count="93" type="stmt"/>
        <line num="261" count="93" type="stmt"/>
        <line num="262" count="93" type="stmt"/>
        <line num="263" count="93" type="stmt"/>
        <line num="264" count="93" type="stmt"/>
        <line num="265" count="93" type="stmt"/>
        <line num="266" count="93" type="cond" truecount="1" falsecount="1"/>
        <line num="267" count="93" type="stmt"/>
        <line num="268" count="93" type="stmt"/>
        <line num="269" count="93" type="stmt"/>
        <line num="270" count="93" type="stmt"/>
        <line num="271" count="93" type="stmt"/>
        <line num="272" count="93" type="stmt"/>
        <line num="273" count="93" type="stmt"/>
        <line num="276" count="93" type="stmt"/>
        <line num="277" count="93" type="stmt"/>
        <line num="278" count="93" type="stmt"/>
        <line num="279" count="93" type="stmt"/>
        <line num="280" count="93" type="stmt"/>
        <line num="281" count="93" type="stmt"/>
        <line num="282" count="93" type="stmt"/>
        <line num="283" count="93" type="cond" truecount="1" falsecount="0"/>
        <line num="284" count="368" type="stmt"/>
        <line num="285" count="368" type="stmt"/>
        <line num="286" count="368" type="stmt"/>
        <line num="287" count="368" type="stmt"/>
        <line num="288" count="93" type="stmt"/>
        <line num="289" count="93" type="stmt"/>
        <line num="290" count="93" type="stmt"/>
        <line num="291" count="93" type="stmt"/>
        <line num="292" count="93" type="stmt"/>
        <line num="293" count="93" type="stmt"/>
        <line num="294" count="93" type="stmt"/>
        <line num="297" count="93" type="cond" truecount="1" falsecount="0"/>
        <line num="298" count="12" type="stmt"/>
        <line num="299" count="12" type="stmt"/>
        <line num="300" count="12" type="cond" truecount="1" falsecount="0"/>
        <line num="301" count="48" type="stmt"/>
        <line num="302" count="48" type="cond" truecount="2" falsecount="0"/>
        <line num="303" count="14" type="stmt"/>
        <line num="304" count="14" type="stmt"/>
        <line num="305" count="14" type="stmt"/>
        <line num="306" count="14" type="stmt"/>
        <line num="307" count="14" type="stmt"/>
        <line num="308" count="14" type="stmt"/>
        <line num="309" count="14" type="stmt"/>
        <line num="310" count="14" type="stmt"/>
        <line num="312" count="12" type="stmt"/>
        <line num="313" count="12" type="stmt"/>
        <line num="315" count="93" type="stmt"/>
        <line num="316" count="93" type="stmt"/>
        <line num="318" count="93" type="cond" truecount="1" falsecount="0"/>
        <line num="319" count="4" type="stmt"/>
        <line num="320" count="4" type="stmt"/>
        <line num="321" count="4" type="stmt"/>
        <line num="322" count="4" type="stmt"/>
        <line num="323" count="4" type="stmt"/>
        <line num="324" count="4" type="cond" truecount="1" falsecount="0"/>
        <line num="325" count="4" type="stmt"/>
        <line num="327" count="93" type="stmt"/>
        <line num="329" count="93" type="stmt"/>
      </file>
    </package>
    <package name="src.services">
      <metrics statements="120" coveredstatements="115" conditionals="28" coveredconditionals="26" methods="18" coveredmethods="18"/>
      <file name="api.ts" path="/Users/brittanyrooney/Documents/projects/meal-planner-node/frontend/src/services/api.ts">
        <metrics statements="120" coveredstatements="115" conditionals="28" coveredconditionals="26" methods="18" coveredmethods="18"/>
        <line num="4" count="1" type="stmt"/>
        <line num="6" count="10" type="cond" truecount="1" falsecount="0"/>
        <line num="7" count="10" type="stmt"/>
        <line num="8" count="10" type="stmt"/>
        <line num="10" count="8" type="cond" truecount="1" falsecount="0"/>
        <line num="11" count="8" type="stmt"/>
        <line num="12" count="8" type="stmt"/>
        <line num="13" count="8" type="cond" truecount="1" falsecount="0"/>
        <line num="15" count="8" type="stmt"/>
        <line num="16" count="8" type="stmt"/>
        <line num="17" count="8" type="stmt"/>
        <line num="18" count="8" type="cond" truecount="2" falsecount="0"/>
        <line num="19" count="8" type="stmt"/>
        <line num="21" count="8" type="cond" truecount="0" falsecount="1"/>
        <line num="22" count="0" type="stmt"/>
        <line num="23" count="0" type="stmt"/>
        <line num="24" count="0" type="stmt"/>
        <line num="25" count="0" type="stmt"/>
        <line num="26" count="0" type="stmt"/>
        <line num="28" count="8" type="stmt"/>
        <line num="29" count="8" type="cond" truecount="2" falsecount="1"/>
        <line num="30" count="7" type="stmt"/>
        <line num="31" count="7" type="stmt"/>
        <line num="34" count="1" type="stmt"/>
        <line num="35" count="1" type="cond" truecount="1" falsecount="0"/>
        <line num="36" count="1" type="stmt"/>
        <line num="37" count="1" type="stmt"/>
        <line num="38" count="1" type="stmt"/>
        <line num="39" count="1" type="stmt"/>
        <line num="40" count="1" type="stmt"/>
        <line num="42" count="1" type="cond" truecount="1" falsecount="0"/>
        <line num="43" count="2" type="cond" truecount="1" falsecount="0"/>
        <line num="44" count="1" type="stmt"/>
        <line num="45" count="1" type="stmt"/>
        <line num="46" count="1" type="stmt"/>
        <line num="47" count="2" type="stmt"/>
        <line num="49" count="1" type="cond" truecount="1" falsecount="0"/>
        <line num="50" count="1" type="stmt"/>
        <line num="51" count="1" type="stmt"/>
        <line num="52" count="1" type="stmt"/>
        <line num="54" count="1" type="cond" truecount="1" falsecount="0"/>
        <line num="55" count="1" type="stmt"/>
        <line num="58" count="1" type="stmt"/>
        <line num="59" count="1" type="cond" truecount="1" falsecount="0"/>
        <line num="60" count="1" type="stmt"/>
        <line num="63" count="1" type="stmt"/>
        <line num="64" count="1" type="cond" truecount="1" falsecount="0"/>
        <line num="65" count="1" type="stmt"/>
        <line num="67" count="1" type="cond" truecount="1" falsecount="0"/>
        <line num="68" count="1" type="stmt"/>
        <line num="69" count="1" type="stmt"/>
        <line num="70" count="1" type="stmt"/>
        <line num="71" count="1" type="stmt"/>
        <line num="73" count="1" type="stmt"/>
        <line num="75" count="1" type="cond" truecount="1" falsecount="0"/>
        <line num="76" count="1" type="stmt"/>
        <line num="77" count="1" type="stmt"/>
        <line num="78" count="1" type="stmt"/>
        <line num="80" count="1" type="stmt"/>
        <line num="82" count="1" type="cond" truecount="1" falsecount="0"/>
        <line num="83" count="1" type="stmt"/>
        <line num="84" count="1" type="stmt"/>
        <line num="86" count="1" type="stmt"/>
        <line num="87" count="1" type="stmt"/>
        <line num="92" count="7" type="cond" truecount="1" falsecount="0"/>
        <line num="93" count="7" type="stmt"/>
        <line num="94" count="7" type="stmt"/>
        <line num="95" count="7" type="stmt"/>
        <line num="96" count="7" type="stmt"/>
        <line num="97" count="7" type="stmt"/>
        <line num="98" count="7" type="stmt"/>
        <line num="99" count="7" type="stmt"/>
        <line num="100" count="7" type="stmt"/>
        <line num="101" count="7" type="stmt"/>
        <line num="103" count="7" type="stmt"/>
        <line num="106" count="7" type="cond" truecount="1" falsecount="0"/>
        <line num="107" count="7" type="stmt"/>
        <line num="108" count="7" type="stmt"/>
        <line num="109" count="7" type="stmt"/>
        <line num="110" count="7" type="stmt"/>
        <line num="112" count="1" type="cond" truecount="1" falsecount="0"/>
        <line num="113" count="1" type="stmt"/>
        <line num="114" count="1" type="stmt"/>
        <line num="115" count="1" type="stmt"/>
        <line num="118" count="1" type="cond" truecount="1" falsecount="0"/>
        <line num="119" count="6" type="stmt"/>
        <line num="121" count="6" type="stmt"/>
        <line num="122" count="6" type="stmt"/>
        <line num="124" count="6" type="stmt"/>
        <line num="125" count="6" type="stmt"/>
        <line num="126" count="6" type="stmt"/>
        <line num="127" count="6" type="stmt"/>
        <line num="128" count="6" type="stmt"/>
        <line num="129" count="6" type="stmt"/>
        <line num="132" count="1" type="cond" truecount="1" falsecount="0"/>
        <line num="133" count="2" type="stmt"/>
        <line num="134" count="2" type="stmt"/>
        <line num="135" count="2" type="stmt"/>
        <line num="136" count="2" type="stmt"/>
        <line num="137" count="2" type="stmt"/>
        <line num="138" count="2" type="stmt"/>
        <line num="139" count="2" type="stmt"/>
        <line num="140" count="2" type="stmt"/>
        <line num="141" count="2" type="cond" truecount="1" falsecount="0"/>
        <line num="142" count="4" type="stmt"/>
        <line num="143" count="2" type="stmt"/>
        <line num="144" count="2" type="stmt"/>
        <line num="147" count="1" type="cond" truecount="1" falsecount="0"/>
        <line num="148" count="3" type="stmt"/>
        <line num="149" count="3" type="stmt"/>
        <line num="150" count="3" type="stmt"/>
        <line num="151" count="3" type="cond" truecount="1" falsecount="0"/>
        <line num="152" count="21" type="stmt"/>
        <line num="153" count="21" type="cond" truecount="1" falsecount="0"/>
        <line num="154" count="21" type="stmt"/>
        <line num="155" count="3" type="stmt"/>
        <line num="156" count="3" type="stmt"/>
        <line num="157" count="3" type="stmt"/>
        <line num="158" count="3" type="stmt"/>
        <line num="159" count="3" type="stmt"/>
      </file>
    </package>
  </project>
</coverage>
