{"/Users/brittanyrooney/Documents/projects/meal-planner-node/frontend/src/App.tsx": {"path":"/Users/brittanyrooney/Documents/projects/meal-planner-node/frontend/src/App.tsx","all":false,"statementMap":{"0":{"start":{"line":1,"column":0},"end":{"line":1,"column":48}},"5":{"start":{"line":6,"column":0},"end":{"line":6,"column":31}},"6":{"start":{"line":7,"column":0},"end":{"line":7,"column":37}},"8":{"start":{"line":9,"column":0},"end":{"line":9,"column":33}},"10":{"start":{"line":11,"column":0},"end":{"line":11,"column":10}},"11":{"start":{"line":12,"column":0},"end":{"line":12,"column":9}},"12":{"start":{"line":13,"column":0},"end":{"line":13,"column":40}},"13":{"start":{"line":14,"column":0},"end":{"line":14,"column":45}},"14":{"start":{"line":15,"column":0},"end":{"line":15,"column":44}},"15":{"start":{"line":16,"column":0},"end":{"line":16,"column":69}},"16":{"start":{"line":17,"column":0},"end":{"line":17,"column":80}},"17":{"start":{"line":18,"column":0},"end":{"line":18,"column":14}},"18":{"start":{"line":19,"column":0},"end":{"line":19,"column":15}},"19":{"start":{"line":20,"column":0},"end":{"line":20,"column":12}},"20":{"start":{"line":21,"column":0},"end":{"line":21,"column":23}},"21":{"start":{"line":22,"column":0},"end":{"line":22,"column":13}},"22":{"start":{"line":23,"column":0},"end":{"line":23,"column":10}},"24":{"start":{"line":25,"column":0},"end":{"line":25,"column":1}}},"s":{"0":1,"5":3,"6":3,"8":3,"10":2,"11":2,"12":2,"13":2,"14":2,"15":2,"16":2,"17":2,"18":2,"19":2,"20":2,"21":2,"22":2,"24":2},"branchMap":{"0":{"type":"branch","line":6,"loc":{"start":{"line":6,"column":0},"end":{"line":25,"column":1}},"locations":[{"start":{"line":6,"column":0},"end":{"line":25,"column":1}}]},"1":{"type":"branch","line":9,"loc":{"start":{"line":9,"column":13},"end":{"line":9,"column":33}},"locations":[{"start":{"line":9,"column":13},"end":{"line":9,"column":33}}]},"2":{"type":"branch","line":9,"loc":{"start":{"line":9,"column":30},"end":{"line":25,"column":1}},"locations":[{"start":{"line":9,"column":30},"end":{"line":25,"column":1}}]}},"b":{"0":[3],"1":[1],"2":[2]},"fnMap":{"0":{"name":"App","decl":{"start":{"line":6,"column":0},"end":{"line":25,"column":1}},"loc":{"start":{"line":6,"column":0},"end":{"line":25,"column":1}},"line":6}},"f":{"0":3}}
,"/Users/brittanyrooney/Documents/projects/meal-planner-node/frontend/src/types.ts": {"path":"/Users/brittanyrooney/Documents/projects/meal-planner-node/frontend/src/types.ts","all":true,"statementMap":{},"s":{},"branchMap":{"0":{"type":"branch","line":1,"loc":{"start":{"line":1,"column":583},"end":{"line":29,"column":72}},"locations":[{"start":{"line":1,"column":583},"end":{"line":29,"column":72}}]}},"b":{"0":[1]},"fnMap":{"0":{"name":"(empty-report)","decl":{"start":{"line":1,"column":583},"end":{"line":29,"column":72}},"loc":{"start":{"line":1,"column":583},"end":{"line":29,"column":72}},"line":1}},"f":{"0":1}}
,"/Users/brittanyrooney/Documents/projects/meal-planner-node/frontend/src/components/MealPickerModal.tsx": {"path":"/Users/brittanyrooney/Documents/projects/meal-planner-node/frontend/src/components/MealPickerModal.tsx","all":false,"statementMap":{"0":{"start":{"line":1,"column":0},"end":{"line":1,"column":52}},"11":{"start":{"line":12,"column":0},"end":{"line":12,"column":11}},"12":{"start":{"line":13,"column":0},"end":{"line":13,"column":13}},"13":{"start":{"line":14,"column":0},"end":{"line":14,"column":77}},"14":{"start":{"line":15,"column":0},"end":{"line":15,"column":68}},"15":{"start":{"line":16,"column":0},"end":{"line":16,"column":27}},"16":{"start":{"line":17,"column":0},"end":{"line":17,"column":10}},"17":{"start":{"line":18,"column":0},"end":{"line":18,"column":72}},"18":{"start":{"line":19,"column":0},"end":{"line":19,"column":65}},"19":{"start":{"line":20,"column":0},"end":{"line":20,"column":46}},"20":{"start":{"line":21,"column":0},"end":{"line":21,"column":27}},"21":{"start":{"line":22,"column":0},"end":{"line":22,"column":67}},"22":{"start":{"line":23,"column":0},"end":{"line":23,"column":133}},"23":{"start":{"line":24,"column":0},"end":{"line":24,"column":137}},"24":{"start":{"line":25,"column":0},"end":{"line":25,"column":11}},"25":{"start":{"line":26,"column":0},"end":{"line":26,"column":75}},"26":{"start":{"line":27,"column":0},"end":{"line":27,"column":76}},"27":{"start":{"line":28,"column":0},"end":{"line":28,"column":60}},"28":{"start":{"line":29,"column":0},"end":{"line":29,"column":27}},"29":{"start":{"line":30,"column":0},"end":{"line":30,"column":77}},"30":{"start":{"line":31,"column":0},"end":{"line":31,"column":49}},"31":{"start":{"line":32,"column":0},"end":{"line":32,"column":120}},"32":{"start":{"line":33,"column":0},"end":{"line":33,"column":79}},"33":{"start":{"line":34,"column":0},"end":{"line":34,"column":2}},"35":{"start":{"line":36,"column":0},"end":{"line":36,"column":63}},"36":{"start":{"line":37,"column":0},"end":{"line":37,"column":71}},"37":{"start":{"line":38,"column":0},"end":{"line":38,"column":87}},"38":{"start":{"line":39,"column":0},"end":{"line":39,"column":33}},"39":{"start":{"line":40,"column":0},"end":{"line":40,"column":3}},"41":{"start":{"line":42,"column":0},"end":{"line":42,"column":93}},"42":{"start":{"line":43,"column":0},"end":{"line":43,"column":41}},"43":{"start":{"line":44,"column":0},"end":{"line":44,"column":62}},"44":{"start":{"line":45,"column":0},"end":{"line":45,"column":50}},"46":{"start":{"line":47,"column":0},"end":{"line":47,"column":19}},"47":{"start":{"line":48,"column":0},"end":{"line":48,"column":30}},"48":{"start":{"line":49,"column":0},"end":{"line":49,"column":79}},"49":{"start":{"line":50,"column":0},"end":{"line":50,"column":46}},"50":{"start":{"line":51,"column":0},"end":{"line":51,"column":62}},"51":{"start":{"line":52,"column":0},"end":{"line":52,"column":16}},"53":{"start":{"line":54,"column":0},"end":{"line":54,"column":91}},"55":{"start":{"line":56,"column":0},"end":{"line":56,"column":10}},"56":{"start":{"line":57,"column":0},"end":{"line":57,"column":46}},"57":{"start":{"line":58,"column":0},"end":{"line":58,"column":64}},"58":{"start":{"line":59,"column":0},"end":{"line":59,"column":34}},"59":{"start":{"line":60,"column":0},"end":{"line":60,"column":54}},"60":{"start":{"line":61,"column":0},"end":{"line":61,"column":52}},"61":{"start":{"line":62,"column":0},"end":{"line":62,"column":16}},"62":{"start":{"line":63,"column":0},"end":{"line":63,"column":26}},"63":{"start":{"line":64,"column":0},"end":{"line":64,"column":41}},"64":{"start":{"line":65,"column":0},"end":{"line":65,"column":25}},"65":{"start":{"line":66,"column":0},"end":{"line":66,"column":54}},"66":{"start":{"line":67,"column":0},"end":{"line":67,"column":28}},"67":{"start":{"line":68,"column":0},"end":{"line":68,"column":12}},"68":{"start":{"line":69,"column":0},"end":{"line":69,"column":14}},"69":{"start":{"line":70,"column":0},"end":{"line":70,"column":28}},"70":{"start":{"line":71,"column":0},"end":{"line":71,"column":35}},"71":{"start":{"line":72,"column":0},"end":{"line":72,"column":16}},"72":{"start":{"line":73,"column":0},"end":{"line":73,"column":27}},"73":{"start":{"line":74,"column":0},"end":{"line":74,"column":52}},"74":{"start":{"line":75,"column":0},"end":{"line":75,"column":54}},"75":{"start":{"line":76,"column":0},"end":{"line":76,"column":51}},"76":{"start":{"line":77,"column":0},"end":{"line":77,"column":60}},"78":{"start":{"line":79,"column":0},"end":{"line":79,"column":55}},"79":{"start":{"line":80,"column":0},"end":{"line":80,"column":39}},"80":{"start":{"line":81,"column":0},"end":{"line":81,"column":53}},"81":{"start":{"line":82,"column":0},"end":{"line":82,"column":38}},"82":{"start":{"line":83,"column":0},"end":{"line":83,"column":104}},"83":{"start":{"line":84,"column":0},"end":{"line":84,"column":22}},"84":{"start":{"line":85,"column":0},"end":{"line":85,"column":20}},"85":{"start":{"line":86,"column":0},"end":{"line":86,"column":18}},"86":{"start":{"line":87,"column":0},"end":{"line":87,"column":13}},"87":{"start":{"line":88,"column":0},"end":{"line":88,"column":37}},"88":{"start":{"line":89,"column":0},"end":{"line":89,"column":93}},"89":{"start":{"line":90,"column":0},"end":{"line":90,"column":38}},"90":{"start":{"line":91,"column":0},"end":{"line":91,"column":16}},"92":{"start":{"line":93,"column":0},"end":{"line":93,"column":14}},"93":{"start":{"line":94,"column":0},"end":{"line":94,"column":12}},"94":{"start":{"line":95,"column":0},"end":{"line":95,"column":10}},"96":{"start":{"line":97,"column":0},"end":{"line":97,"column":1}}},"s":{"0":1,"11":1,"12":1,"13":1,"14":1,"15":1,"16":1,"17":1,"18":1,"19":1,"20":1,"21":1,"22":1,"23":1,"24":1,"25":1,"26":1,"27":1,"28":1,"29":1,"30":1,"31":1,"32":1,"33":1,"35":1,"36":37,"37":37,"38":37,"39":37,"41":20,"42":20,"43":20,"44":20,"46":20,"47":10,"48":10,"49":10,"50":10,"51":20,"53":20,"55":20,"56":20,"57":20,"58":20,"59":20,"60":20,"61":20,"62":20,"63":20,"64":20,"65":20,"66":20,"67":20,"68":20,"69":20,"70":20,"71":37,"72":37,"73":37,"74":37,"75":37,"76":37,"78":37,"79":37,"80":37,"81":37,"82":37,"83":37,"84":37,"85":37,"86":20,"87":20,"88":3,"89":3,"90":3,"92":20,"93":20,"94":20,"96":20},"branchMap":{"0":{"type":"branch","line":36,"loc":{"start":{"line":36,"column":18},"end":{"line":40,"column":3}},"locations":[{"start":{"line":36,"column":18},"end":{"line":40,"column":3}}]},"1":{"type":"branch","line":38,"loc":{"start":{"line":38,"column":51},"end":{"line":38,"column":73}},"locations":[{"start":{"line":38,"column":51},"end":{"line":38,"column":73}}]},"2":{"type":"branch","line":42,"loc":{"start":{"line":42,"column":0},"end":{"line":97,"column":1}},"locations":[{"start":{"line":42,"column":0},"end":{"line":97,"column":1}}]},"3":{"type":"branch","line":88,"loc":{"start":{"line":88,"column":31},"end":{"line":91,"column":16}},"locations":[{"start":{"line":88,"column":31},"end":{"line":91,"column":16}}]},"4":{"type":"branch","line":47,"loc":{"start":{"line":47,"column":12},"end":{"line":52,"column":5}},"locations":[{"start":{"line":47,"column":12},"end":{"line":52,"column":5}}]},"5":{"type":"branch","line":49,"loc":{"start":{"line":49,"column":18},"end":{"line":49,"column":79}},"locations":[{"start":{"line":49,"column":18},"end":{"line":49,"column":79}}]},"6":{"type":"branch","line":49,"loc":{"start":{"line":49,"column":66},"end":{"line":49,"column":77}},"locations":[{"start":{"line":49,"column":66},"end":{"line":49,"column":77}}]},"7":{"type":"branch","line":51,"loc":{"start":{"line":51,"column":11},"end":{"line":51,"column":62}},"locations":[{"start":{"line":51,"column":11},"end":{"line":51,"column":62}}]},"8":{"type":"branch","line":54,"loc":{"start":{"line":54,"column":32},"end":{"line":54,"column":89}},"locations":[{"start":{"line":54,"column":32},"end":{"line":54,"column":89}}]},"9":{"type":"branch","line":58,"loc":{"start":{"line":58,"column":36},"end":{"line":58,"column":64}},"locations":[{"start":{"line":58,"column":36},"end":{"line":58,"column":64}}]},"10":{"type":"branch","line":66,"loc":{"start":{"line":66,"column":22},"end":{"line":66,"column":54}},"locations":[{"start":{"line":66,"column":22},"end":{"line":66,"column":54}}]},"11":{"type":"branch","line":71,"loc":{"start":{"line":71,"column":24},"end":{"line":86,"column":18}},"locations":[{"start":{"line":71,"column":24},"end":{"line":86,"column":18}}]},"12":{"type":"branch","line":77,"loc":{"start":{"line":77,"column":23},"end":{"line":77,"column":60}},"locations":[{"start":{"line":77,"column":23},"end":{"line":77,"column":60}}]}},"b":{"0":[37],"1":[0],"2":[20],"3":[3],"4":[10],"5":[11],"6":[1],"7":[10],"8":[60],"9":[4],"10":[10],"11":[37],"12":[1]},"fnMap":{"0":{"name":"itemStyle","decl":{"start":{"line":36,"column":18},"end":{"line":40,"column":3}},"loc":{"start":{"line":36,"column":18},"end":{"line":40,"column":3}},"line":36},"1":{"name":"MealPickerModal","decl":{"start":{"line":42,"column":0},"end":{"line":97,"column":1}},"loc":{"start":{"line":42,"column":0},"end":{"line":97,"column":1}},"line":42},"2":{"name":"onKey","decl":{"start":{"line":49,"column":18},"end":{"line":49,"column":79}},"loc":{"start":{"line":49,"column":18},"end":{"line":49,"column":79}},"line":49},"3":{"name":"onClick","decl":{"start":{"line":58,"column":36},"end":{"line":58,"column":64}},"loc":{"start":{"line":58,"column":36},"end":{"line":58,"column":64}},"line":58},"4":{"name":"onChange","decl":{"start":{"line":66,"column":22},"end":{"line":66,"column":54}},"loc":{"start":{"line":66,"column":22},"end":{"line":66,"column":54}},"line":66},"5":{"name":"onMouseEnter","decl":{"start":{"line":75,"column":28},"end":{"line":75,"column":54}},"loc":{"start":{"line":75,"column":28},"end":{"line":75,"column":54}},"line":75},"6":{"name":"onMouseLeave","decl":{"start":{"line":76,"column":28},"end":{"line":76,"column":51}},"loc":{"start":{"line":76,"column":28},"end":{"line":76,"column":51}},"line":76},"7":{"name":"onClick","decl":{"start":{"line":77,"column":23},"end":{"line":77,"column":60}},"loc":{"start":{"line":77,"column":23},"end":{"line":77,"column":60}},"line":77}},"f":{"0":37,"1":20,"2":11,"3":4,"4":10,"5":0,"6":0,"7":1}}
,"/Users/brittanyrooney/Documents/projects/meal-planner-node/frontend/src/context/AuthContext.tsx": {"path":"/Users/brittanyrooney/Documents/projects/meal-planner-node/frontend/src/context/AuthContext.tsx","all":false,"statementMap":{"0":{"start":{"line":1,"column":0},"end":{"line":1,"column":30}},"15":{"start":{"line":16,"column":0},"end":{"line":16,"column":64}},"17":{"start":{"line":18,"column":0},"end":{"line":18,"column":69}},"18":{"start":{"line":19,"column":0},"end":{"line":19,"column":59}},"19":{"start":{"line":20,"column":0},"end":{"line":20,"column":57}},"20":{"start":{"line":21,"column":0},"end":{"line":21,"column":66}},"21":{"start":{"line":22,"column":0},"end":{"line":22,"column":5}},"23":{"start":{"line":24,"column":0},"end":{"line":24,"column":63}},"24":{"start":{"line":25,"column":0},"end":{"line":25,"column":57}},"25":{"start":{"line":26,"column":0},"end":{"line":26,"column":41}},"26":{"start":{"line":27,"column":0},"end":{"line":27,"column":4}},"28":{"start":{"line":29,"column":0},"end":{"line":29,"column":81}},"29":{"start":{"line":30,"column":0},"end":{"line":30,"column":67}},"30":{"start":{"line":31,"column":0},"end":{"line":31,"column":41}},"31":{"start":{"line":32,"column":0},"end":{"line":32,"column":4}},"33":{"start":{"line":34,"column":0},"end":{"line":34,"column":24}},"34":{"start":{"line":35,"column":0},"end":{"line":35,"column":21}},"35":{"start":{"line":36,"column":0},"end":{"line":36,"column":18}},"36":{"start":{"line":37,"column":0},"end":{"line":37,"column":4}},"38":{"start":{"line":39,"column":0},"end":{"line":39,"column":10}},"39":{"start":{"line":40,"column":0},"end":{"line":40,"column":68}},"40":{"start":{"line":41,"column":0},"end":{"line":41,"column":16}},"41":{"start":{"line":42,"column":0},"end":{"line":42,"column":27}},"43":{"start":{"line":44,"column":0},"end":{"line":44,"column":1}},"45":{"start":{"line":46,"column":0},"end":{"line":46,"column":44}},"46":{"start":{"line":47,"column":0},"end":{"line":47,"column":38}},"47":{"start":{"line":48,"column":0},"end":{"line":48,"column":72}},"48":{"start":{"line":49,"column":0},"end":{"line":49,"column":13}},"49":{"start":{"line":50,"column":0},"end":{"line":50,"column":1}}},"s":{"0":1,"15":1,"17":1,"18":9,"19":6,"20":6,"21":9,"23":9,"24":2,"25":1,"26":2,"28":9,"29":1,"30":1,"31":1,"33":9,"34":1,"35":1,"36":1,"38":9,"39":9,"40":9,"41":9,"43":9,"45":1,"46":13,"47":13,"48":9,"49":9},"branchMap":{"0":{"type":"branch","line":18,"loc":{"start":{"line":18,"column":7},"end":{"line":44,"column":1}},"locations":[{"start":{"line":18,"column":7},"end":{"line":44,"column":1}}]},"1":{"type":"branch","line":19,"loc":{"start":{"line":19,"column":52},"end":{"line":22,"column":3}},"locations":[{"start":{"line":19,"column":52},"end":{"line":22,"column":3}}]},"2":{"type":"branch","line":21,"loc":{"start":{"line":21,"column":30},"end":{"line":21,"column":46}},"locations":[{"start":{"line":21,"column":30},"end":{"line":21,"column":46}}]},"3":{"type":"branch","line":21,"loc":{"start":{"line":21,"column":35},"end":{"line":21,"column":61}},"locations":[{"start":{"line":21,"column":35},"end":{"line":21,"column":61}}]},"4":{"type":"branch","line":21,"loc":{"start":{"line":21,"column":57},"end":{"line":21,"column":66}},"locations":[{"start":{"line":21,"column":57},"end":{"line":21,"column":66}}]},"5":{"type":"branch","line":24,"loc":{"start":{"line":24,"column":16},"end":{"line":27,"column":4}},"locations":[{"start":{"line":24,"column":16},"end":{"line":27,"column":4}}]},"6":{"type":"branch","line":25,"loc":{"start":{"line":25,"column":55},"end":{"line":26,"column":41}},"locations":[{"start":{"line":25,"column":55},"end":{"line":26,"column":41}}]},"7":{"type":"branch","line":29,"loc":{"start":{"line":29,"column":19},"end":{"line":32,"column":4}},"locations":[{"start":{"line":29,"column":19},"end":{"line":32,"column":4}}]},"8":{"type":"branch","line":34,"loc":{"start":{"line":34,"column":17},"end":{"line":37,"column":4}},"locations":[{"start":{"line":34,"column":17},"end":{"line":37,"column":4}}]},"9":{"type":"branch","line":46,"loc":{"start":{"line":46,"column":7},"end":{"line":50,"column":1}},"locations":[{"start":{"line":46,"column":7},"end":{"line":50,"column":1}}]},"10":{"type":"branch","line":48,"loc":{"start":{"line":48,"column":12},"end":{"line":48,"column":72}},"locations":[{"start":{"line":48,"column":12},"end":{"line":48,"column":72}}]},"11":{"type":"branch","line":48,"loc":{"start":{"line":48,"column":70},"end":{"line":50,"column":1}},"locations":[{"start":{"line":48,"column":70},"end":{"line":50,"column":1}}]}},"b":{"0":[9],"1":[6],"2":[5],"3":[2],"4":[4],"5":[2],"6":[1],"7":[1],"8":[1],"9":[13],"10":[4],"11":[9]},"fnMap":{"0":{"name":"AuthProvider","decl":{"start":{"line":18,"column":7},"end":{"line":44,"column":1}},"loc":{"start":{"line":18,"column":7},"end":{"line":44,"column":1}},"line":18},"1":{"name":"login","decl":{"start":{"line":24,"column":16},"end":{"line":27,"column":4}},"loc":{"start":{"line":24,"column":16},"end":{"line":27,"column":4}},"line":24},"2":{"name":"register","decl":{"start":{"line":29,"column":19},"end":{"line":32,"column":4}},"loc":{"start":{"line":29,"column":19},"end":{"line":32,"column":4}},"line":29},"3":{"name":"logout","decl":{"start":{"line":34,"column":17},"end":{"line":37,"column":4}},"loc":{"start":{"line":34,"column":17},"end":{"line":37,"column":4}},"line":34},"4":{"name":"useAuth","decl":{"start":{"line":46,"column":7},"end":{"line":50,"column":1}},"loc":{"start":{"line":46,"column":7},"end":{"line":50,"column":1}},"line":46}},"f":{"0":9,"1":2,"2":1,"3":1,"4":13}}
,"/Users/brittanyrooney/Documents/projects/meal-planner-node/frontend/src/pages/AuthPage.tsx": {"path":"/Users/brittanyrooney/Documents/projects/meal-planner-node/frontend/src/pages/AuthPage.tsx","all":false,"statementMap":{"0":{"start":{"line":1,"column":0},"end":{"line":1,"column":44}},"4":{"start":{"line":5,"column":0},"end":{"line":5,"column":36}},"5":{"start":{"line":6,"column":0},"end":{"line":6,"column":40}},"6":{"start":{"line":7,"column":0},"end":{"line":7,"column":66}},"7":{"start":{"line":8,"column":0},"end":{"line":8,"column":47}},"8":{"start":{"line":9,"column":0},"end":{"line":9,"column":41}},"9":{"start":{"line":10,"column":0},"end":{"line":10,"column":47}},"10":{"start":{"line":11,"column":0},"end":{"line":11,"column":58}},"11":{"start":{"line":12,"column":0},"end":{"line":12,"column":48}},"13":{"start":{"line":14,"column":0},"end":{"line":14,"column":48}},"14":{"start":{"line":15,"column":0},"end":{"line":15,"column":23}},"15":{"start":{"line":16,"column":0},"end":{"line":16,"column":19}},"16":{"start":{"line":17,"column":0},"end":{"line":17,"column":21}},"17":{"start":{"line":18,"column":0},"end":{"line":18,"column":9}},"18":{"start":{"line":19,"column":0},"end":{"line":19,"column":29}},"19":{"start":{"line":20,"column":0},"end":{"line":20,"column":40}},"20":{"start":{"line":21,"column":0},"end":{"line":21,"column":14}},"21":{"start":{"line":22,"column":0},"end":{"line":22,"column":50}},"22":{"start":{"line":23,"column":0},"end":{"line":23,"column":7}},"23":{"start":{"line":24,"column":0},"end":{"line":24,"column":19}},"24":{"start":{"line":25,"column":0},"end":{"line":25,"column":76}},"25":{"start":{"line":26,"column":0},"end":{"line":26,"column":15}},"26":{"start":{"line":27,"column":0},"end":{"line":27,"column":24}},"27":{"start":{"line":28,"column":0},"end":{"line":28,"column":5}},"28":{"start":{"line":29,"column":0},"end":{"line":29,"column":4}},"30":{"start":{"line":31,"column":0},"end":{"line":31,"column":10}},"31":{"start":{"line":32,"column":0},"end":{"line":32,"column":36}},"32":{"start":{"line":33,"column":0},"end":{"line":33,"column":35}},"33":{"start":{"line":34,"column":0},"end":{"line":34,"column":57}},"35":{"start":{"line":36,"column":0},"end":{"line":36,"column":37}},"36":{"start":{"line":37,"column":0},"end":{"line":37,"column":17}},"37":{"start":{"line":38,"column":0},"end":{"line":38,"column":83}},"38":{"start":{"line":39,"column":0},"end":{"line":39,"column":65}},"39":{"start":{"line":40,"column":0},"end":{"line":40,"column":25}},"40":{"start":{"line":41,"column":0},"end":{"line":41,"column":11}},"42":{"start":{"line":43,"column":0},"end":{"line":43,"column":19}},"43":{"start":{"line":44,"column":0},"end":{"line":44,"column":17}},"44":{"start":{"line":45,"column":0},"end":{"line":45,"column":86}},"45":{"start":{"line":46,"column":0},"end":{"line":46,"column":68}},"46":{"start":{"line":47,"column":0},"end":{"line":47,"column":25}},"47":{"start":{"line":48,"column":0},"end":{"line":48,"column":11}},"49":{"start":{"line":50,"column":0},"end":{"line":50,"column":19}},"50":{"start":{"line":51,"column":0},"end":{"line":51,"column":14}},"52":{"start":{"line":53,"column":0},"end":{"line":53,"column":62}},"53":{"start":{"line":54,"column":0},"end":{"line":54,"column":42}},"55":{"start":{"line":56,"column":0},"end":{"line":56,"column":18}},"56":{"start":{"line":57,"column":0},"end":{"line":57,"column":38}},"57":{"start":{"line":58,"column":0},"end":{"line":58,"column":25}},"58":{"start":{"line":59,"column":0},"end":{"line":59,"column":30}},"59":{"start":{"line":60,"column":0},"end":{"line":60,"column":59}},"60":{"start":{"line":61,"column":0},"end":{"line":61,"column":37}},"61":{"start":{"line":62,"column":0},"end":{"line":62,"column":22}},"62":{"start":{"line":63,"column":0},"end":{"line":63,"column":14}},"63":{"start":{"line":64,"column":0},"end":{"line":64,"column":18}},"65":{"start":{"line":66,"column":0},"end":{"line":66,"column":35}},"66":{"start":{"line":67,"column":0},"end":{"line":67,"column":44}},"68":{"start":{"line":69,"column":0},"end":{"line":69,"column":20}},"69":{"start":{"line":70,"column":0},"end":{"line":70,"column":40}},"70":{"start":{"line":71,"column":0},"end":{"line":71,"column":28}},"71":{"start":{"line":72,"column":0},"end":{"line":72,"column":29}},"72":{"start":{"line":73,"column":0},"end":{"line":73,"column":58}},"73":{"start":{"line":74,"column":0},"end":{"line":74,"column":36}},"74":{"start":{"line":75,"column":0},"end":{"line":75,"column":24}},"75":{"start":{"line":76,"column":0},"end":{"line":76,"column":16}},"76":{"start":{"line":77,"column":0},"end":{"line":77,"column":20}},"79":{"start":{"line":80,"column":0},"end":{"line":80,"column":42}},"81":{"start":{"line":82,"column":0},"end":{"line":82,"column":18}},"82":{"start":{"line":83,"column":0},"end":{"line":83,"column":38}},"83":{"start":{"line":84,"column":0},"end":{"line":84,"column":29}},"84":{"start":{"line":85,"column":0},"end":{"line":85,"column":30}},"85":{"start":{"line":86,"column":0},"end":{"line":86,"column":59}},"86":{"start":{"line":87,"column":0},"end":{"line":87,"column":83}},"87":{"start":{"line":88,"column":0},"end":{"line":88,"column":22}},"88":{"start":{"line":89,"column":0},"end":{"line":89,"column":14}},"89":{"start":{"line":90,"column":0},"end":{"line":90,"column":18}},"91":{"start":{"line":92,"column":0},"end":{"line":92,"column":60}},"93":{"start":{"line":94,"column":0},"end":{"line":94,"column":77}},"94":{"start":{"line":95,"column":0},"end":{"line":95,"column":87}},"95":{"start":{"line":96,"column":0},"end":{"line":96,"column":19}},"96":{"start":{"line":97,"column":0},"end":{"line":97,"column":15}},"97":{"start":{"line":98,"column":0},"end":{"line":98,"column":12}},"98":{"start":{"line":99,"column":0},"end":{"line":99,"column":10}},"100":{"start":{"line":101,"column":0},"end":{"line":101,"column":1}}},"s":{"0":1,"4":111,"5":111,"6":111,"7":111,"8":111,"9":111,"10":111,"11":111,"13":111,"14":6,"15":6,"16":6,"17":6,"18":6,"19":4,"20":6,"21":2,"22":1,"23":6,"24":3,"25":6,"26":6,"27":6,"28":6,"30":111,"31":111,"32":111,"33":111,"35":111,"36":111,"37":111,"38":111,"39":111,"40":111,"42":111,"43":111,"44":111,"45":111,"46":111,"47":111,"49":111,"50":111,"52":111,"53":111,"55":111,"56":111,"57":111,"58":111,"59":111,"60":111,"61":111,"62":111,"63":111,"65":111,"66":52,"68":52,"69":52,"70":52,"71":52,"72":52,"73":52,"74":52,"75":52,"76":52,"79":111,"81":111,"82":111,"83":111,"84":111,"85":111,"86":111,"87":111,"88":111,"89":111,"91":111,"93":111,"94":111,"95":111,"96":111,"97":111,"98":111,"100":111},"branchMap":{"0":{"type":"branch","line":5,"loc":{"start":{"line":5,"column":0},"end":{"line":101,"column":1}},"locations":[{"start":{"line":5,"column":0},"end":{"line":101,"column":1}}]},"1":{"type":"branch","line":38,"loc":{"start":{"line":38,"column":49},"end":{"line":38,"column":78}},"locations":[{"start":{"line":38,"column":49},"end":{"line":38,"column":78}}]},"2":{"type":"branch","line":38,"loc":{"start":{"line":38,"column":66},"end":{"line":38,"column":80}},"locations":[{"start":{"line":38,"column":66},"end":{"line":38,"column":80}}]},"3":{"type":"branch","line":45,"loc":{"start":{"line":45,"column":49},"end":{"line":45,"column":81}},"locations":[{"start":{"line":45,"column":49},"end":{"line":45,"column":81}}]},"4":{"type":"branch","line":45,"loc":{"start":{"line":45,"column":69},"end":{"line":45,"column":83}},"locations":[{"start":{"line":45,"column":69},"end":{"line":45,"column":83}}]},"5":{"type":"branch","line":66,"loc":{"start":{"line":66,"column":20},"end":{"line":77,"column":20}},"locations":[{"start":{"line":66,"column":20},"end":{"line":77,"column":20}}]},"6":{"type":"branch","line":87,"loc":{"start":{"line":87,"column":37},"end":{"line":87,"column":68}},"locations":[{"start":{"line":87,"column":37},"end":{"line":87,"column":68}}]},"7":{"type":"branch","line":87,"loc":{"start":{"line":87,"column":47},"end":{"line":87,"column":83}},"locations":[{"start":{"line":87,"column":47},"end":{"line":87,"column":83}}]},"8":{"type":"branch","line":92,"loc":{"start":{"line":92,"column":11},"end":{"line":92,"column":60}},"locations":[{"start":{"line":92,"column":11},"end":{"line":92,"column":60}}]},"9":{"type":"branch","line":95,"loc":{"start":{"line":95,"column":13},"end":{"line":95,"column":40}},"locations":[{"start":{"line":95,"column":13},"end":{"line":95,"column":40}}]},"10":{"type":"branch","line":95,"loc":{"start":{"line":95,"column":23},"end":{"line":95,"column":87}},"locations":[{"start":{"line":95,"column":23},"end":{"line":95,"column":87}}]},"11":{"type":"branch","line":95,"loc":{"start":{"line":95,"column":49},"end":{"line":95,"column":70}},"locations":[{"start":{"line":95,"column":49},"end":{"line":95,"column":70}}]},"12":{"type":"branch","line":95,"loc":{"start":{"line":95,"column":59},"end":{"line":95,"column":87}},"locations":[{"start":{"line":95,"column":59},"end":{"line":95,"column":87}}]},"13":{"type":"branch","line":14,"loc":{"start":{"line":14,"column":23},"end":{"line":29,"column":4}},"locations":[{"start":{"line":14,"column":23},"end":{"line":29,"column":4}}]},"14":{"type":"branch","line":19,"loc":{"start":{"line":19,"column":28},"end":{"line":21,"column":13}},"locations":[{"start":{"line":19,"column":28},"end":{"line":21,"column":13}}]},"15":{"type":"branch","line":20,"loc":{"start":{"line":20,"column":38},"end":{"line":21,"column":13}},"locations":[{"start":{"line":20,"column":38},"end":{"line":21,"column":13}}]},"16":{"type":"branch","line":21,"loc":{"start":{"line":21,"column":6},"end":{"line":23,"column":7}},"locations":[{"start":{"line":21,"column":6},"end":{"line":23,"column":7}}]},"17":{"type":"branch","line":22,"loc":{"start":{"line":22,"column":48},"end":{"line":23,"column":7}},"locations":[{"start":{"line":22,"column":48},"end":{"line":23,"column":7}}]},"18":{"type":"branch","line":24,"loc":{"start":{"line":24,"column":4},"end":{"line":26,"column":6}},"locations":[{"start":{"line":24,"column":4},"end":{"line":26,"column":6}}]},"19":{"type":"branch","line":25,"loc":{"start":{"line":25,"column":42},"end":{"line":25,"column":74}},"locations":[{"start":{"line":25,"column":42},"end":{"line":25,"column":74}}]},"20":{"type":"branch","line":46,"loc":{"start":{"line":46,"column":21},"end":{"line":46,"column":68}},"locations":[{"start":{"line":46,"column":21},"end":{"line":46,"column":68}}]},"21":{"type":"branch","line":60,"loc":{"start":{"line":60,"column":24},"end":{"line":60,"column":59}},"locations":[{"start":{"line":60,"column":24},"end":{"line":60,"column":59}}]},"22":{"type":"branch","line":73,"loc":{"start":{"line":73,"column":26},"end":{"line":73,"column":58}},"locations":[{"start":{"line":73,"column":26},"end":{"line":73,"column":58}}]},"23":{"type":"branch","line":86,"loc":{"start":{"line":86,"column":24},"end":{"line":86,"column":59}},"locations":[{"start":{"line":86,"column":24},"end":{"line":86,"column":59}}]}},"b":{"0":[111],"1":[58],"2":[52],"3":[52],"4":[58],"5":[52],"6":[58],"7":[52],"8":[3],"9":[6],"10":[104],"11":[54],"12":[50],"13":[6],"14":[4],"15":[2],"16":[2],"17":[1],"18":[3],"19":[0],"20":[4],"21":[26],"22":[30],"23":[28]},"fnMap":{"0":{"name":"AuthPage","decl":{"start":{"line":5,"column":0},"end":{"line":101,"column":1}},"loc":{"start":{"line":5,"column":0},"end":{"line":101,"column":1}},"line":5},"1":{"name":"handleSubmit","decl":{"start":{"line":14,"column":23},"end":{"line":29,"column":4}},"loc":{"start":{"line":14,"column":23},"end":{"line":29,"column":4}},"line":14},"2":{"name":"onClick","decl":{"start":{"line":39,"column":21},"end":{"line":39,"column":65}},"loc":{"start":{"line":39,"column":21},"end":{"line":39,"column":65}},"line":39},"3":{"name":"onClick","decl":{"start":{"line":46,"column":21},"end":{"line":46,"column":68}},"loc":{"start":{"line":46,"column":21},"end":{"line":46,"column":68}},"line":46},"4":{"name":"onChange","decl":{"start":{"line":60,"column":24},"end":{"line":60,"column":59}},"loc":{"start":{"line":60,"column":24},"end":{"line":60,"column":59}},"line":60},"5":{"name":"onChange","decl":{"start":{"line":73,"column":26},"end":{"line":73,"column":58}},"loc":{"start":{"line":73,"column":26},"end":{"line":73,"column":58}},"line":73},"6":{"name":"onChange","decl":{"start":{"line":86,"column":24},"end":{"line":86,"column":59}},"loc":{"start":{"line":86,"column":24},"end":{"line":86,"column":59}},"line":86}},"f":{"0":111,"1":6,"2":0,"3":4,"4":26,"5":30,"6":28}}
,"/Users/brittanyrooney/Documents/projects/meal-planner-node/frontend/src/pages/PlannerPage.tsx": {"path":"/Users/brittanyrooney/Documents/projects/meal-planner-node/frontend/src/pages/PlannerPage.tsx","all":false,"statementMap":{"0":{"start":{"line":1,"column":0},"end":{"line":1,"column":57}},"13":{"start":{"line":14,"column":0},"end":{"line":14,"column":76}},"14":{"start":{"line":15,"column":0},"end":{"line":15,"column":73}},"15":{"start":{"line":16,"column":0},"end":{"line":16,"column":63}},"16":{"start":{"line":17,"column":0},"end":{"line":17,"column":79}},"20":{"start":{"line":21,"column":0},"end":{"line":21,"column":36}},"21":{"start":{"line":22,"column":0},"end":{"line":22,"column":30}},"22":{"start":{"line":23,"column":0},"end":{"line":23,"column":94}},"23":{"start":{"line":24,"column":0},"end":{"line":24,"column":14}},"24":{"start":{"line":25,"column":0},"end":{"line":25,"column":1}},"27":{"start":{"line":28,"column":0},"end":{"line":28,"column":20}},"28":{"start":{"line":29,"column":0},"end":{"line":29,"column":10}},"29":{"start":{"line":30,"column":0},"end":{"line":30,"column":18}},"30":{"start":{"line":31,"column":0},"end":{"line":31,"column":53}},"31":{"start":{"line":32,"column":0},"end":{"line":32,"column":72}},"32":{"start":{"line":33,"column":0},"end":{"line":33,"column":66}},"33":{"start":{"line":34,"column":0},"end":{"line":34,"column":9}},"35":{"start":{"line":36,"column":0},"end":{"line":36,"column":1}},"38":{"start":{"line":39,"column":0},"end":{"line":39,"column":111}},"39":{"start":{"line":40,"column":0},"end":{"line":40,"column":49}},"40":{"start":{"line":41,"column":0},"end":{"line":41,"column":10}},"41":{"start":{"line":42,"column":0},"end":{"line":42,"column":37}},"42":{"start":{"line":43,"column":0},"end":{"line":43,"column":39}},"43":{"start":{"line":44,"column":0},"end":{"line":44,"column":58}},"44":{"start":{"line":45,"column":0},"end":{"line":45,"column":105}},"45":{"start":{"line":46,"column":0},"end":{"line":46,"column":12}},"46":{"start":{"line":47,"column":0},"end":{"line":47,"column":41}},"47":{"start":{"line":48,"column":0},"end":{"line":48,"column":92}},"48":{"start":{"line":49,"column":0},"end":{"line":49,"column":12}},"49":{"start":{"line":50,"column":0},"end":{"line":50,"column":10}},"51":{"start":{"line":52,"column":0},"end":{"line":52,"column":1}},"55":{"start":{"line":56,"column":0},"end":{"line":56,"column":39}},"56":{"start":{"line":57,"column":0},"end":{"line":57,"column":66}},"57":{"start":{"line":58,"column":0},"end":{"line":58,"column":60}},"58":{"start":{"line":59,"column":0},"end":{"line":59,"column":61}},"59":{"start":{"line":60,"column":0},"end":{"line":60,"column":67}},"60":{"start":{"line":61,"column":0},"end":{"line":61,"column":64}},"61":{"start":{"line":62,"column":0},"end":{"line":62,"column":47}},"62":{"start":{"line":63,"column":0},"end":{"line":63,"column":54}},"63":{"start":{"line":64,"column":0},"end":{"line":64,"column":64}},"65":{"start":{"line":66,"column":0},"end":{"line":66,"column":83}},"67":{"start":{"line":68,"column":0},"end":{"line":68,"column":57}},"68":{"start":{"line":69,"column":0},"end":{"line":69,"column":21}},"69":{"start":{"line":70,"column":0},"end":{"line":70,"column":9}},"70":{"start":{"line":71,"column":0},"end":{"line":71,"column":51}},"71":{"start":{"line":72,"column":0},"end":{"line":72,"column":54}},"72":{"start":{"line":73,"column":0},"end":{"line":73,"column":28}},"73":{"start":{"line":74,"column":0},"end":{"line":74,"column":34}},"74":{"start":{"line":75,"column":0},"end":{"line":75,"column":9}},"76":{"start":{"line":77,"column":0},"end":{"line":77,"column":67}},"78":{"start":{"line":79,"column":0},"end":{"line":79,"column":71}},"79":{"start":{"line":80,"column":0},"end":{"line":80,"column":80}},"80":{"start":{"line":81,"column":0},"end":{"line":81,"column":71}},"81":{"start":{"line":82,"column":0},"end":{"line":82,"column":4}},"83":{"start":{"line":84,"column":0},"end":{"line":84,"column":62}},"84":{"start":{"line":85,"column":0},"end":{"line":85,"column":80}},"85":{"start":{"line":86,"column":0},"end":{"line":86,"column":64}},"86":{"start":{"line":87,"column":0},"end":{"line":87,"column":4}},"88":{"start":{"line":89,"column":0},"end":{"line":89,"column":46}},"89":{"start":{"line":90,"column":0},"end":{"line":90,"column":24}},"90":{"start":{"line":91,"column":0},"end":{"line":91,"column":47}},"91":{"start":{"line":92,"column":0},"end":{"line":92,"column":20}},"92":{"start":{"line":93,"column":0},"end":{"line":93,"column":4}},"95":{"start":{"line":96,"column":0},"end":{"line":96,"column":36}},"97":{"start":{"line":98,"column":0},"end":{"line":98,"column":90}},"98":{"start":{"line":99,"column":0},"end":{"line":99,"column":18}},"99":{"start":{"line":100,"column":0},"end":{"line":100,"column":90}},"100":{"start":{"line":101,"column":0},"end":{"line":101,"column":13}},"101":{"start":{"line":102,"column":0},"end":{"line":102,"column":5}},"102":{"start":{"line":103,"column":0},"end":{"line":103,"column":24}},"103":{"start":{"line":104,"column":0},"end":{"line":104,"column":22}},"104":{"start":{"line":105,"column":0},"end":{"line":105,"column":267}},"107":{"start":{"line":108,"column":0},"end":{"line":108,"column":138}},"109":{"start":{"line":110,"column":0},"end":{"line":110,"column":168}},"112":{"start":{"line":113,"column":0},"end":{"line":113,"column":9}},"113":{"start":{"line":114,"column":0},"end":{"line":114,"column":72}},"114":{"start":{"line":115,"column":0},"end":{"line":115,"column":23}},"115":{"start":{"line":116,"column":0},"end":{"line":116,"column":18}},"116":{"start":{"line":117,"column":0},"end":{"line":117,"column":45}},"117":{"start":{"line":118,"column":0},"end":{"line":118,"column":30}},"118":{"start":{"line":119,"column":0},"end":{"line":119,"column":44}},"119":{"start":{"line":120,"column":0},"end":{"line":120,"column":62}},"120":{"start":{"line":121,"column":0},"end":{"line":121,"column":10}},"121":{"start":{"line":122,"column":0},"end":{"line":122,"column":133}},"122":{"start":{"line":123,"column":0},"end":{"line":123,"column":9}},"124":{"start":{"line":125,"column":0},"end":{"line":125,"column":43}},"125":{"start":{"line":126,"column":0},"end":{"line":126,"column":98}},"126":{"start":{"line":127,"column":0},"end":{"line":127,"column":115}},"127":{"start":{"line":128,"column":0},"end":{"line":128,"column":38}},"128":{"start":{"line":129,"column":0},"end":{"line":129,"column":86}},"129":{"start":{"line":130,"column":0},"end":{"line":130,"column":31}},"130":{"start":{"line":131,"column":0},"end":{"line":131,"column":38}},"131":{"start":{"line":132,"column":0},"end":{"line":132,"column":75}},"132":{"start":{"line":133,"column":0},"end":{"line":133,"column":110}},"133":{"start":{"line":134,"column":0},"end":{"line":134,"column":9}},"134":{"start":{"line":135,"column":0},"end":{"line":135,"column":7}},"135":{"start":{"line":136,"column":0},"end":{"line":136,"column":23}},"136":{"start":{"line":137,"column":0},"end":{"line":137,"column":45}},"137":{"start":{"line":138,"column":0},"end":{"line":138,"column":69}},"138":{"start":{"line":139,"column":0},"end":{"line":139,"column":37}},"139":{"start":{"line":140,"column":0},"end":{"line":140,"column":4}},"142":{"start":{"line":143,"column":0},"end":{"line":143,"column":91}},"143":{"start":{"line":144,"column":0},"end":{"line":144,"column":39}},"144":{"start":{"line":145,"column":0},"end":{"line":145,"column":132}},"145":{"start":{"line":146,"column":0},"end":{"line":146,"column":44}},"146":{"start":{"line":147,"column":0},"end":{"line":147,"column":4}},"147":{"start":{"line":148,"column":0},"end":{"line":148,"column":105}},"148":{"start":{"line":149,"column":0},"end":{"line":149,"column":45}},"149":{"start":{"line":150,"column":0},"end":{"line":150,"column":132}},"150":{"start":{"line":151,"column":0},"end":{"line":151,"column":44}},"151":{"start":{"line":152,"column":0},"end":{"line":152,"column":4}},"154":{"start":{"line":155,"column":0},"end":{"line":155,"column":10}},"155":{"start":{"line":156,"column":0},"end":{"line":156,"column":33}},"158":{"start":{"line":159,"column":0},"end":{"line":159,"column":41}},"159":{"start":{"line":160,"column":0},"end":{"line":160,"column":13}},"160":{"start":{"line":161,"column":0},"end":{"line":161,"column":81}},"161":{"start":{"line":162,"column":0},"end":{"line":162,"column":96}},"162":{"start":{"line":163,"column":0},"end":{"line":163,"column":14}},"163":{"start":{"line":164,"column":0},"end":{"line":164,"column":44}},"164":{"start":{"line":165,"column":0},"end":{"line":165,"column":42}},"165":{"start":{"line":166,"column":0},"end":{"line":166,"column":110}},"166":{"start":{"line":167,"column":0},"end":{"line":167,"column":70}},"167":{"start":{"line":168,"column":0},"end":{"line":168,"column":109}},"168":{"start":{"line":169,"column":0},"end":{"line":169,"column":53}},"169":{"start":{"line":170,"column":0},"end":{"line":170,"column":116}},"171":{"start":{"line":172,"column":0},"end":{"line":172,"column":16}},"172":{"start":{"line":173,"column":0},"end":{"line":173,"column":39}},"173":{"start":{"line":174,"column":0},"end":{"line":174,"column":46}},"174":{"start":{"line":175,"column":0},"end":{"line":175,"column":69}},"175":{"start":{"line":176,"column":0},"end":{"line":176,"column":150}},"176":{"start":{"line":177,"column":0},"end":{"line":177,"column":18}},"178":{"start":{"line":179,"column":0},"end":{"line":179,"column":122}},"179":{"start":{"line":180,"column":0},"end":{"line":180,"column":101}},"180":{"start":{"line":181,"column":0},"end":{"line":181,"column":19}},"181":{"start":{"line":182,"column":0},"end":{"line":182,"column":14}},"182":{"start":{"line":183,"column":0},"end":{"line":183,"column":12}},"184":{"start":{"line":185,"column":0},"end":{"line":185,"column":69}},"187":{"start":{"line":188,"column":0},"end":{"line":188,"column":35}},"190":{"start":{"line":191,"column":0},"end":{"line":191,"column":41}},"193":{"start":{"line":194,"column":0},"end":{"line":194,"column":42}},"194":{"start":{"line":195,"column":0},"end":{"line":195,"column":32}},"195":{"start":{"line":196,"column":0},"end":{"line":196,"column":86}},"196":{"start":{"line":197,"column":0},"end":{"line":197,"column":51}},"197":{"start":{"line":198,"column":0},"end":{"line":198,"column":22}},"198":{"start":{"line":199,"column":0},"end":{"line":199,"column":140}},"199":{"start":{"line":200,"column":0},"end":{"line":200,"column":23}},"200":{"start":{"line":201,"column":0},"end":{"line":201,"column":112}},"201":{"start":{"line":202,"column":0},"end":{"line":202,"column":25}},"203":{"start":{"line":204,"column":0},"end":{"line":204,"column":15}},"204":{"start":{"line":205,"column":0},"end":{"line":205,"column":16}},"207":{"start":{"line":208,"column":0},"end":{"line":208,"column":43}},"208":{"start":{"line":209,"column":0},"end":{"line":209,"column":43}},"209":{"start":{"line":210,"column":0},"end":{"line":210,"column":55}},"210":{"start":{"line":211,"column":0},"end":{"line":211,"column":22}},"211":{"start":{"line":212,"column":0},"end":{"line":212,"column":118}},"212":{"start":{"line":213,"column":0},"end":{"line":213,"column":71}},"213":{"start":{"line":214,"column":0},"end":{"line":214,"column":30}},"214":{"start":{"line":215,"column":0},"end":{"line":215,"column":59}},"215":{"start":{"line":216,"column":0},"end":{"line":216,"column":30}},"216":{"start":{"line":217,"column":0},"end":{"line":217,"column":22}},"217":{"start":{"line":218,"column":0},"end":{"line":218,"column":74}},"218":{"start":{"line":219,"column":0},"end":{"line":219,"column":72}},"219":{"start":{"line":220,"column":0},"end":{"line":220,"column":103}},"220":{"start":{"line":221,"column":0},"end":{"line":221,"column":138}},"221":{"start":{"line":222,"column":0},"end":{"line":222,"column":23}},"223":{"start":{"line":224,"column":0},"end":{"line":224,"column":126}},"225":{"start":{"line":226,"column":0},"end":{"line":226,"column":22}},"227":{"start":{"line":228,"column":0},"end":{"line":228,"column":15}},"228":{"start":{"line":229,"column":0},"end":{"line":229,"column":16}},"231":{"start":{"line":232,"column":0},"end":{"line":232,"column":45}},"232":{"start":{"line":233,"column":0},"end":{"line":233,"column":71}},"233":{"start":{"line":234,"column":0},"end":{"line":234,"column":46}},"234":{"start":{"line":235,"column":0},"end":{"line":235,"column":34}},"235":{"start":{"line":236,"column":0},"end":{"line":236,"column":103}},"236":{"start":{"line":237,"column":0},"end":{"line":237,"column":53}},"237":{"start":{"line":238,"column":0},"end":{"line":238,"column":24}},"238":{"start":{"line":239,"column":0},"end":{"line":239,"column":145}},"239":{"start":{"line":240,"column":0},"end":{"line":240,"column":122}},"240":{"start":{"line":241,"column":0},"end":{"line":241,"column":55}},"241":{"start":{"line":242,"column":0},"end":{"line":242,"column":47}},"242":{"start":{"line":243,"column":0},"end":{"line":243,"column":121}},"243":{"start":{"line":244,"column":0},"end":{"line":244,"column":25}},"244":{"start":{"line":245,"column":0},"end":{"line":245,"column":26}},"245":{"start":{"line":246,"column":0},"end":{"line":246,"column":84}},"246":{"start":{"line":247,"column":0},"end":{"line":247,"column":24}},"248":{"start":{"line":249,"column":0},"end":{"line":249,"column":17}},"249":{"start":{"line":250,"column":0},"end":{"line":250,"column":18}},"250":{"start":{"line":251,"column":0},"end":{"line":251,"column":16}},"251":{"start":{"line":252,"column":0},"end":{"line":252,"column":14}},"254":{"start":{"line":255,"column":0},"end":{"line":255,"column":40}},"257":{"start":{"line":258,"column":0},"end":{"line":258,"column":48}},"258":{"start":{"line":259,"column":0},"end":{"line":259,"column":80}},"259":{"start":{"line":260,"column":0},"end":{"line":260,"column":49}},"260":{"start":{"line":261,"column":0},"end":{"line":261,"column":76}},"261":{"start":{"line":262,"column":0},"end":{"line":262,"column":75}},"262":{"start":{"line":263,"column":0},"end":{"line":263,"column":48}},"263":{"start":{"line":264,"column":0},"end":{"line":264,"column":60}},"264":{"start":{"line":265,"column":0},"end":{"line":265,"column":83}},"265":{"start":{"line":266,"column":0},"end":{"line":266,"column":83}},"266":{"start":{"line":267,"column":0},"end":{"line":267,"column":21}},"267":{"start":{"line":268,"column":0},"end":{"line":268,"column":20}},"268":{"start":{"line":269,"column":0},"end":{"line":269,"column":18}},"269":{"start":{"line":270,"column":0},"end":{"line":270,"column":105}},"270":{"start":{"line":271,"column":0},"end":{"line":271,"column":105}},"271":{"start":{"line":272,"column":0},"end":{"line":272,"column":106}},"272":{"start":{"line":273,"column":0},"end":{"line":273,"column":16}},"275":{"start":{"line":276,"column":0},"end":{"line":276,"column":45}},"276":{"start":{"line":277,"column":0},"end":{"line":277,"column":72}},"277":{"start":{"line":278,"column":0},"end":{"line":278,"column":15}},"278":{"start":{"line":279,"column":0},"end":{"line":279,"column":82}},"279":{"start":{"line":280,"column":0},"end":{"line":280,"column":83}},"280":{"start":{"line":281,"column":0},"end":{"line":281,"column":83}},"281":{"start":{"line":282,"column":0},"end":{"line":282,"column":83}},"282":{"start":{"line":283,"column":0},"end":{"line":283,"column":57}},"283":{"start":{"line":284,"column":0},"end":{"line":284,"column":60}},"284":{"start":{"line":285,"column":0},"end":{"line":285,"column":70}},"285":{"start":{"line":286,"column":0},"end":{"line":286,"column":122}},"286":{"start":{"line":287,"column":0},"end":{"line":287,"column":20}},"287":{"start":{"line":288,"column":0},"end":{"line":288,"column":15}},"288":{"start":{"line":289,"column":0},"end":{"line":289,"column":52}},"289":{"start":{"line":290,"column":0},"end":{"line":290,"column":46}},"290":{"start":{"line":291,"column":0},"end":{"line":291,"column":73}},"291":{"start":{"line":292,"column":0},"end":{"line":292,"column":130}},"292":{"start":{"line":293,"column":0},"end":{"line":293,"column":18}},"293":{"start":{"line":294,"column":0},"end":{"line":294,"column":16}},"296":{"start":{"line":297,"column":0},"end":{"line":297,"column":35}},"297":{"start":{"line":298,"column":0},"end":{"line":298,"column":46}},"298":{"start":{"line":299,"column":0},"end":{"line":299,"column":70}},"299":{"start":{"line":300,"column":0},"end":{"line":300,"column":39}},"300":{"start":{"line":301,"column":0},"end":{"line":301,"column":48}},"301":{"start":{"line":302,"column":0},"end":{"line":302,"column":36}},"302":{"start":{"line":303,"column":0},"end":{"line":303,"column":24}},"303":{"start":{"line":304,"column":0},"end":{"line":304,"column":61}},"304":{"start":{"line":305,"column":0},"end":{"line":305,"column":76}},"305":{"start":{"line":306,"column":0},"end":{"line":306,"column":25}},"306":{"start":{"line":307,"column":0},"end":{"line":307,"column":74}},"307":{"start":{"line":308,"column":0},"end":{"line":308,"column":90}},"308":{"start":{"line":309,"column":0},"end":{"line":309,"column":26}},"309":{"start":{"line":310,"column":0},"end":{"line":310,"column":24}},"311":{"start":{"line":312,"column":0},"end":{"line":312,"column":17}},"312":{"start":{"line":313,"column":0},"end":{"line":313,"column":18}},"314":{"start":{"line":315,"column":0},"end":{"line":315,"column":14}},"315":{"start":{"line":316,"column":0},"end":{"line":316,"column":12}},"317":{"start":{"line":318,"column":0},"end":{"line":318,"column":18}},"318":{"start":{"line":319,"column":0},"end":{"line":319,"column":24}},"319":{"start":{"line":320,"column":0},"end":{"line":320,"column":26}},"320":{"start":{"line":321,"column":0},"end":{"line":321,"column":36}},"321":{"start":{"line":322,"column":0},"end":{"line":322,"column":29}},"322":{"start":{"line":323,"column":0},"end":{"line":323,"column":39}},"323":{"start":{"line":324,"column":0},"end":{"line":324,"column":41}},"324":{"start":{"line":325,"column":0},"end":{"line":325,"column":10}},"326":{"start":{"line":327,"column":0},"end":{"line":327,"column":10}},"328":{"start":{"line":329,"column":0},"end":{"line":329,"column":1}}},"s":{"0":1,"13":1,"14":1,"15":1,"16":1,"20":24,"21":24,"22":24,"23":24,"24":24,"27":0,"28":0,"29":0,"30":0,"31":0,"32":0,"33":0,"35":0,"38":222,"39":222,"40":222,"41":222,"42":222,"43":222,"44":222,"45":222,"46":222,"47":222,"48":222,"49":222,"51":222,"55":93,"56":93,"57":93,"58":93,"59":93,"60":93,"61":93,"62":93,"63":93,"65":93,"67":93,"68":30,"69":30,"70":30,"71":30,"72":30,"73":30,"74":93,"76":93,"78":93,"79":2,"80":2,"81":2,"83":93,"84":2,"85":2,"86":2,"88":93,"89":2,"90":2,"91":2,"92":2,"95":93,"97":1,"98":1,"99":1,"100":1,"101":1,"102":0,"103":0,"104":0,"107":0,"109":0,"112":0,"113":0,"114":0,"115":0,"116":0,"117":0,"118":0,"119":0,"120":0,"121":0,"122":0,"124":0,"125":0,"126":0,"127":0,"128":0,"129":0,"130":0,"131":0,"132":0,"133":0,"134":0,"135":0,"136":0,"137":0,"138":0,"139":1,"142":93,"143":93,"144":93,"145":93,"146":93,"147":93,"148":93,"149":93,"150":93,"151":93,"154":93,"155":93,"158":93,"159":93,"160":93,"161":93,"162":93,"163":93,"164":93,"165":93,"166":93,"167":93,"168":93,"169":15,"171":93,"172":93,"173":12,"174":12,"175":12,"176":12,"178":93,"179":93,"180":93,"181":93,"182":93,"184":93,"187":93,"190":93,"193":93,"194":93,"195":644,"196":644,"197":644,"198":644,"199":644,"200":644,"201":644,"203":93,"204":93,"207":93,"208":93,"209":368,"210":368,"211":368,"212":368,"213":368,"214":120,"215":248,"216":14,"217":14,"218":14,"219":14,"220":14,"221":14,"223":234,"225":368,"227":93,"228":93,"231":93,"232":93,"233":93,"234":93,"235":644,"236":644,"237":644,"238":644,"239":644,"240":644,"241":644,"242":2576,"243":644,"244":644,"245":644,"246":644,"248":93,"249":93,"250":93,"251":93,"254":93,"257":93,"258":93,"259":93,"260":93,"261":93,"262":93,"263":93,"264":93,"265":93,"266":93,"267":93,"268":93,"269":93,"270":93,"271":93,"272":93,"275":93,"276":93,"277":93,"278":93,"279":93,"280":93,"281":93,"282":93,"283":368,"284":368,"285":368,"286":368,"287":93,"288":93,"289":93,"290":93,"291":93,"292":93,"293":93,"296":93,"297":12,"298":12,"299":12,"300":48,"301":48,"302":14,"303":14,"304":14,"305":14,"306":14,"307":14,"308":14,"309":14,"311":12,"312":12,"314":93,"315":93,"317":93,"318":4,"319":4,"320":4,"321":4,"322":4,"323":4,"324":4,"326":93,"328":93},"branchMap":{"0":{"type":"branch","line":21,"loc":{"start":{"line":21,"column":0},"end":{"line":25,"column":1}},"locations":[{"start":{"line":21,"column":0},"end":{"line":25,"column":1}}]},"1":{"type":"branch","line":23,"loc":{"start":{"line":23,"column":24},"end":{"line":23,"column":94}},"locations":[{"start":{"line":23,"column":24},"end":{"line":23,"column":94}}]},"2":{"type":"branch","line":39,"loc":{"start":{"line":39,"column":0},"end":{"line":52,"column":1}},"locations":[{"start":{"line":39,"column":0},"end":{"line":52,"column":1}}]},"3":{"type":"branch","line":56,"loc":{"start":{"line":56,"column":0},"end":{"line":329,"column":1}},"locations":[{"start":{"line":56,"column":0},"end":{"line":329,"column":1}}]},"4":{"type":"branch","line":169,"loc":{"start":{"line":169,"column":47},"end":{"line":170,"column":116}},"locations":[{"start":{"line":169,"column":47},"end":{"line":170,"column":116}}]},"5":{"type":"branch","line":173,"loc":{"start":{"line":173,"column":33},"end":{"line":177,"column":18}},"locations":[{"start":{"line":173,"column":33},"end":{"line":177,"column":18}}]},"6":{"type":"branch","line":179,"loc":{"start":{"line":179,"column":82},"end":{"line":179,"column":122}},"locations":[{"start":{"line":179,"column":82},"end":{"line":179,"column":122}}]},"7":{"type":"branch","line":180,"loc":{"start":{"line":180,"column":13},"end":{"line":180,"column":62}},"locations":[{"start":{"line":180,"column":13},"end":{"line":180,"column":62}}]},"8":{"type":"branch","line":180,"loc":{"start":{"line":180,"column":56},"end":{"line":180,"column":101}},"locations":[{"start":{"line":180,"column":56},"end":{"line":180,"column":101}}]},"9":{"type":"branch","line":185,"loc":{"start":{"line":185,"column":7},"end":{"line":185,"column":69}},"locations":[{"start":{"line":185,"column":7},"end":{"line":185,"column":69}}]},"10":{"type":"branch","line":266,"loc":{"start":{"line":266,"column":55},"end":{"line":266,"column":73}},"locations":[{"start":{"line":266,"column":55},"end":{"line":266,"column":73}}]},"11":{"type":"branch","line":266,"loc":{"start":{"line":266,"column":61},"end":{"line":266,"column":83}},"locations":[{"start":{"line":266,"column":61},"end":{"line":266,"column":83}}]},"12":{"type":"branch","line":297,"loc":{"start":{"line":297,"column":29},"end":{"line":313,"column":18}},"locations":[{"start":{"line":297,"column":29},"end":{"line":313,"column":18}}]},"13":{"type":"branch","line":318,"loc":{"start":{"line":318,"column":7},"end":{"line":325,"column":10}},"locations":[{"start":{"line":318,"column":7},"end":{"line":325,"column":10}}]},"14":{"type":"branch","line":66,"loc":{"start":{"line":66,"column":12},"end":{"line":66,"column":79}},"locations":[{"start":{"line":66,"column":12},"end":{"line":66,"column":79}}]},"15":{"type":"branch","line":68,"loc":{"start":{"line":68,"column":31},"end":{"line":75,"column":5}},"locations":[{"start":{"line":68,"column":31},"end":{"line":75,"column":5}}]},"16":{"type":"branch","line":73,"loc":{"start":{"line":73,"column":4},"end":{"line":73,"column":28}},"locations":[{"start":{"line":73,"column":4},"end":{"line":73,"column":28}}]},"17":{"type":"branch","line":77,"loc":{"start":{"line":77,"column":12},"end":{"line":77,"column":44}},"locations":[{"start":{"line":77,"column":12},"end":{"line":77,"column":44}}]},"18":{"type":"branch","line":79,"loc":{"start":{"line":79,"column":18},"end":{"line":82,"column":4}},"locations":[{"start":{"line":79,"column":18},"end":{"line":82,"column":4}}]},"19":{"type":"branch","line":80,"loc":{"start":{"line":80,"column":12},"end":{"line":80,"column":78}},"locations":[{"start":{"line":80,"column":12},"end":{"line":80,"column":78}}]},"20":{"type":"branch","line":84,"loc":{"start":{"line":84,"column":21},"end":{"line":87,"column":4}},"locations":[{"start":{"line":84,"column":21},"end":{"line":87,"column":4}}]},"21":{"type":"branch","line":85,"loc":{"start":{"line":85,"column":12},"end":{"line":85,"column":78}},"locations":[{"start":{"line":85,"column":12},"end":{"line":85,"column":78}}]},"22":{"type":"branch","line":89,"loc":{"start":{"line":89,"column":29},"end":{"line":93,"column":4}},"locations":[{"start":{"line":89,"column":29},"end":{"line":93,"column":4}}]},"23":{"type":"branch","line":90,"loc":{"start":{"line":90,"column":17},"end":{"line":90,"column":24}},"locations":[{"start":{"line":90,"column":17},"end":{"line":90,"column":24}}]},"24":{"type":"branch","line":96,"loc":{"start":{"line":96,"column":23},"end":{"line":140,"column":4}},"locations":[{"start":{"line":96,"column":23},"end":{"line":140,"column":4}}]},"25":{"type":"branch","line":102,"loc":{"start":{"line":102,"column":4},"end":{"line":139,"column":37}},"locations":[{"start":{"line":102,"column":4},"end":{"line":139,"column":37}}]},"26":{"type":"branch","line":143,"loc":{"start":{"line":143,"column":34},"end":{"line":143,"column":63}},"locations":[{"start":{"line":143,"column":34},"end":{"line":143,"column":63}}]},"27":{"type":"branch","line":145,"loc":{"start":{"line":145,"column":4},"end":{"line":145,"column":132}},"locations":[{"start":{"line":145,"column":4},"end":{"line":145,"column":132}}]},"28":{"type":"branch","line":148,"loc":{"start":{"line":148,"column":35},"end":{"line":148,"column":93}},"locations":[{"start":{"line":148,"column":35},"end":{"line":148,"column":93}}]},"29":{"type":"branch","line":148,"loc":{"start":{"line":148,"column":57},"end":{"line":148,"column":76}},"locations":[{"start":{"line":148,"column":57},"end":{"line":148,"column":76}}]},"30":{"type":"branch","line":150,"loc":{"start":{"line":150,"column":4},"end":{"line":150,"column":132}},"locations":[{"start":{"line":150,"column":4},"end":{"line":150,"column":132}}]},"31":{"type":"branch","line":166,"loc":{"start":{"line":166,"column":55},"end":{"line":166,"column":100}},"locations":[{"start":{"line":166,"column":55},"end":{"line":166,"column":100}}]},"32":{"type":"branch","line":166,"loc":{"start":{"line":166,"column":74},"end":{"line":166,"column":97}},"locations":[{"start":{"line":166,"column":74},"end":{"line":166,"column":97}}]},"33":{"type":"branch","line":168,"loc":{"start":{"line":168,"column":55},"end":{"line":168,"column":99}},"locations":[{"start":{"line":168,"column":55},"end":{"line":168,"column":99}}]},"34":{"type":"branch","line":168,"loc":{"start":{"line":168,"column":74},"end":{"line":168,"column":96}},"locations":[{"start":{"line":168,"column":74},"end":{"line":168,"column":96}}]},"35":{"type":"branch","line":170,"loc":{"start":{"line":170,"column":59},"end":{"line":170,"column":102}},"locations":[{"start":{"line":170,"column":59},"end":{"line":170,"column":102}}]},"36":{"type":"branch","line":195,"loc":{"start":{"line":195,"column":22},"end":{"line":204,"column":13}},"locations":[{"start":{"line":195,"column":22},"end":{"line":204,"column":13}}]},"37":{"type":"branch","line":199,"loc":{"start":{"line":199,"column":65},"end":{"line":199,"column":98}},"locations":[{"start":{"line":199,"column":65},"end":{"line":199,"column":98}}]},"38":{"type":"branch","line":199,"loc":{"start":{"line":199,"column":83},"end":{"line":199,"column":100}},"locations":[{"start":{"line":199,"column":83},"end":{"line":199,"column":100}}]},"39":{"type":"branch","line":201,"loc":{"start":{"line":201,"column":28},"end":{"line":201,"column":112}},"locations":[{"start":{"line":201,"column":28},"end":{"line":201,"column":112}}]},"40":{"type":"branch","line":201,"loc":{"start":{"line":201,"column":88},"end":{"line":201,"column":105}},"locations":[{"start":{"line":201,"column":88},"end":{"line":201,"column":105}}]},"41":{"type":"branch","line":196,"loc":{"start":{"line":196,"column":47},"end":{"line":196,"column":77}},"locations":[{"start":{"line":196,"column":47},"end":{"line":196,"column":77}}]},"42":{"type":"branch","line":199,"loc":{"start":{"line":199,"column":113},"end":{"line":199,"column":140}},"locations":[{"start":{"line":199,"column":113},"end":{"line":199,"column":140}}]},"43":{"type":"branch","line":209,"loc":{"start":{"line":209,"column":28},"end":{"line":228,"column":13}},"locations":[{"start":{"line":209,"column":28},"end":{"line":228,"column":13}}]},"44":{"type":"branch","line":212,"loc":{"start":{"line":212,"column":69},"end":{"line":212,"column":88}},"locations":[{"start":{"line":212,"column":69},"end":{"line":212,"column":88}}]},"45":{"type":"branch","line":212,"loc":{"start":{"line":212,"column":78},"end":{"line":212,"column":112}},"locations":[{"start":{"line":212,"column":78},"end":{"line":212,"column":112}}]},"46":{"type":"branch","line":212,"loc":{"start":{"line":212,"column":95},"end":{"line":212,"column":114}},"locations":[{"start":{"line":212,"column":95},"end":{"line":212,"column":114}}]},"47":{"type":"branch","line":214,"loc":{"start":{"line":214,"column":19},"end":{"line":215,"column":59}},"locations":[{"start":{"line":214,"column":19},"end":{"line":215,"column":59}}]},"48":{"type":"branch","line":215,"loc":{"start":{"line":215,"column":57},"end":{"line":224,"column":126}},"locations":[{"start":{"line":215,"column":57},"end":{"line":224,"column":126}}]},"49":{"type":"branch","line":216,"loc":{"start":{"line":216,"column":22},"end":{"line":222,"column":23}},"locations":[{"start":{"line":216,"column":22},"end":{"line":222,"column":23}}]},"50":{"type":"branch","line":222,"loc":{"start":{"line":222,"column":20},"end":{"line":224,"column":126}},"locations":[{"start":{"line":222,"column":20},"end":{"line":224,"column":126}}]},"51":{"type":"branch","line":221,"loc":{"start":{"line":221,"column":72},"end":{"line":221,"column":113}},"locations":[{"start":{"line":221,"column":72},"end":{"line":221,"column":113}}]},"52":{"type":"branch","line":224,"loc":{"start":{"line":224,"column":67},"end":{"line":224,"column":116}},"locations":[{"start":{"line":224,"column":67},"end":{"line":224,"column":116}}]},"53":{"type":"branch","line":235,"loc":{"start":{"line":235,"column":24},"end":{"line":249,"column":15}},"locations":[{"start":{"line":235,"column":24},"end":{"line":249,"column":15}}]},"54":{"type":"branch","line":239,"loc":{"start":{"line":239,"column":67},"end":{"line":239,"column":103}},"locations":[{"start":{"line":239,"column":67},"end":{"line":239,"column":103}}]},"55":{"type":"branch","line":239,"loc":{"start":{"line":239,"column":85},"end":{"line":239,"column":105}},"locations":[{"start":{"line":239,"column":85},"end":{"line":239,"column":105}}]},"56":{"type":"branch","line":240,"loc":{"start":{"line":240,"column":64},"end":{"line":240,"column":105}},"locations":[{"start":{"line":240,"column":64},"end":{"line":240,"column":105}}]},"57":{"type":"branch","line":240,"loc":{"start":{"line":240,"column":82},"end":{"line":240,"column":107}},"locations":[{"start":{"line":240,"column":82},"end":{"line":240,"column":107}}]},"58":{"type":"branch","line":246,"loc":{"start":{"line":246,"column":30},"end":{"line":246,"column":84}},"locations":[{"start":{"line":246,"column":30},"end":{"line":246,"column":84}}]},"59":{"type":"branch","line":236,"loc":{"start":{"line":236,"column":49},"end":{"line":236,"column":100}},"locations":[{"start":{"line":236,"column":49},"end":{"line":236,"column":100}}]},"60":{"type":"branch","line":236,"loc":{"start":{"line":236,"column":81},"end":{"line":236,"column":96}},"locations":[{"start":{"line":236,"column":81},"end":{"line":236,"column":96}}]},"61":{"type":"branch","line":236,"loc":{"start":{"line":236,"column":84},"end":{"line":236,"column":100}},"locations":[{"start":{"line":236,"column":84},"end":{"line":236,"column":100}}]},"62":{"type":"branch","line":242,"loc":{"start":{"line":242,"column":38},"end":{"line":243,"column":121}},"locations":[{"start":{"line":242,"column":38},"end":{"line":243,"column":121}}]},"63":{"type":"branch","line":243,"loc":{"start":{"line":243,"column":84},"end":{"line":243,"column":113}},"locations":[{"start":{"line":243,"column":84},"end":{"line":243,"column":113}}]},"64":{"type":"branch","line":243,"loc":{"start":{"line":243,"column":95},"end":{"line":243,"column":115}},"locations":[{"start":{"line":243,"column":95},"end":{"line":243,"column":115}}]},"65":{"type":"branch","line":283,"loc":{"start":{"line":283,"column":28},"end":{"line":287,"column":20}},"locations":[{"start":{"line":283,"column":28},"end":{"line":287,"column":20}}]},"66":{"type":"branch","line":300,"loc":{"start":{"line":300,"column":30},"end":{"line":312,"column":15}},"locations":[{"start":{"line":300,"column":30},"end":{"line":312,"column":15}}]},"67":{"type":"branch","line":302,"loc":{"start":{"line":302,"column":24},"end":{"line":302,"column":36}},"locations":[{"start":{"line":302,"column":24},"end":{"line":302,"column":36}}]},"68":{"type":"branch","line":302,"loc":{"start":{"line":302,"column":31},"end":{"line":310,"column":24}},"locations":[{"start":{"line":302,"column":31},"end":{"line":310,"column":24}}]},"69":{"type":"branch","line":324,"loc":{"start":{"line":324,"column":19},"end":{"line":324,"column":41}},"locations":[{"start":{"line":324,"column":19},"end":{"line":324,"column":41}}]}},"b":{"0":[24],"1":[168],"2":[222],"3":[93],"4":[15],"5":[12],"6":[92],"7":[0],"8":[92],"9":[1],"10":[0],"11":[92],"12":[12],"13":[4],"14":[24],"15":[30],"16":[0],"17":[30],"18":[2],"19":[2],"20":[2],"21":[2],"22":[2],"23":[0],"24":[1],"25":[0],"26":[368],"27":[14],"28":[644],"29":[2576],"30":[14],"31":[4],"32":[4],"33":[1],"34":[1],"35":[1],"36":[644],"37":[92],"38":[552],"39":[12],"40":[0],"41":[2576],"42":[1],"43":[368],"44":[14],"45":[14],"46":[354],"47":[120],"48":[248],"49":[14],"50":[234],"51":[2],"52":[4],"53":[644],"54":[92],"55":[552],"56":[92],"57":[552],"58":[12],"59":[2576],"60":[14],"61":[2562],"62":[2576],"63":[14],"64":[2562],"65":[368],"66":[48],"67":[34],"68":[14],"69":[1]},"fnMap":{"0":{"name":"emptyWeekPlan","decl":{"start":{"line":21,"column":0},"end":{"line":25,"column":1}},"loc":{"start":{"line":21,"column":0},"end":{"line":25,"column":1}},"line":21},"1":{"name":"Spinner","decl":{"start":{"line":28,"column":0},"end":{"line":36,"column":1}},"loc":{"start":{"line":28,"column":0},"end":{"line":36,"column":1}},"line":28},"2":{"name":"MacroBar","decl":{"start":{"line":39,"column":0},"end":{"line":52,"column":1}},"loc":{"start":{"line":39,"column":0},"end":{"line":52,"column":1}},"line":39},"3":{"name":"PlannerPage","decl":{"start":{"line":56,"column":0},"end":{"line":329,"column":1}},"loc":{"start":{"line":56,"column":0},"end":{"line":329,"column":1}},"line":56},"4":{"name":"setMeal","decl":{"start":{"line":79,"column":18},"end":{"line":82,"column":4}},"loc":{"start":{"line":79,"column":18},"end":{"line":82,"column":4}},"line":79},"5":{"name":"removeMeal","decl":{"start":{"line":84,"column":21},"end":{"line":87,"column":4}},"loc":{"start":{"line":84,"column":21},"end":{"line":87,"column":4}},"line":84},"6":{"name":"handlePickerSelect","decl":{"start":{"line":89,"column":29},"end":{"line":93,"column":4}},"loc":{"start":{"line":89,"column":29},"end":{"line":93,"column":4}},"line":89},"7":{"name":"generateWeek","decl":{"start":{"line":96,"column":23},"end":{"line":140,"column":4}},"loc":{"start":{"line":96,"column":23},"end":{"line":140,"column":4}},"line":96},"8":{"name":"PlannerPage.dayMeals.reduce.cal","decl":{"start":{"line":145,"column":4},"end":{"line":145,"column":132}},"loc":{"start":{"line":145,"column":4},"end":{"line":145,"column":132}},"line":145},"9":{"name":"PlannerPage.weeklyMeals.reduce.cal","decl":{"start":{"line":150,"column":4},"end":{"line":150,"column":132}},"loc":{"start":{"line":150,"column":4},"end":{"line":150,"column":132}},"line":150},"10":{"name":"onClick","decl":{"start":{"line":166,"column":55},"end":{"line":166,"column":100}},"loc":{"start":{"line":166,"column":55},"end":{"line":166,"column":100}},"line":166},"11":{"name":"onClick","decl":{"start":{"line":168,"column":55},"end":{"line":168,"column":99}},"loc":{"start":{"line":168,"column":55},"end":{"line":168,"column":99}},"line":168},"12":{"name":"onClick","decl":{"start":{"line":170,"column":59},"end":{"line":170,"column":102}},"loc":{"start":{"line":170,"column":59},"end":{"line":170,"column":102}},"line":170},"13":{"name":"onClick","decl":{"start":{"line":199,"column":113},"end":{"line":199,"column":140}},"loc":{"start":{"line":199,"column":113},"end":{"line":199,"column":140}},"line":199},"14":{"name":"onClick","decl":{"start":{"line":221,"column":72},"end":{"line":221,"column":113}},"loc":{"start":{"line":221,"column":72},"end":{"line":221,"column":113}},"line":221},"15":{"name":"onClick","decl":{"start":{"line":224,"column":67},"end":{"line":224,"column":116}},"loc":{"start":{"line":224,"column":67},"end":{"line":224,"column":116}},"line":224},"16":{"name":"onClick","decl":{"start":{"line":239,"column":118},"end":{"line":239,"column":145}},"loc":{"start":{"line":239,"column":118},"end":{"line":239,"column":145}},"line":239},"17":{"name":"onClose","decl":{"start":{"line":324,"column":19},"end":{"line":324,"column":41}},"loc":{"start":{"line":324,"column":19},"end":{"line":324,"column":41}},"line":324}},"f":{"0":24,"1":0,"2":222,"3":93,"4":2,"5":2,"6":2,"7":1,"8":14,"9":14,"10":4,"11":1,"12":1,"13":1,"14":2,"15":4,"16":0,"17":1}}
,"/Users/brittanyrooney/Documents/projects/meal-planner-node/frontend/src/services/api.ts": {"path":"/Users/brittanyrooney/Documents/projects/meal-planner-node/frontend/src/services/api.ts","all":false,"statementMap":{"3":{"start":{"line":4,"column":0},"end":{"line":4,"column":41}},"5":{"start":{"line":6,"column":0},"end":{"line":6,"column":36}},"6":{"start":{"line":7,"column":0},"end":{"line":7,"column":42}},"7":{"start":{"line":8,"column":0},"end":{"line":8,"column":1}},"9":{"start":{"line":10,"column":0},"end":{"line":10,"column":85}},"10":{"start":{"line":11,"column":0},"end":{"line":11,"column":81}},"11":{"start":{"line":12,"column":0},"end":{"line":12,"column":27}},"12":{"start":{"line":13,"column":0},"end":{"line":13,"column":58}},"14":{"start":{"line":15,"column":0},"end":{"line":15,"column":45}},"15":{"start":{"line":16,"column":0},"end":{"line":16,"column":11}},"16":{"start":{"line":17,"column":0},"end":{"line":17,"column":12}},"17":{"start":{"line":18,"column":0},"end":{"line":18,"column":64}},"18":{"start":{"line":19,"column":0},"end":{"line":19,"column":5}},"20":{"start":{"line":21,"column":0},"end":{"line":21,"column":27}},"21":{"start":{"line":22,"column":0},"end":{"line":22,"column":40}},"22":{"start":{"line":23,"column":0},"end":{"line":23,"column":43}},"23":{"start":{"line":24,"column":0},"end":{"line":24,"column":36}},"24":{"start":{"line":25,"column":0},"end":{"line":25,"column":36}},"25":{"start":{"line":26,"column":0},"end":{"line":26,"column":3}},"27":{"start":{"line":28,"column":0},"end":{"line":28,"column":32}},"28":{"start":{"line":29,"column":0},"end":{"line":29,"column":86}},"29":{"start":{"line":30,"column":0},"end":{"line":30,"column":19}},"30":{"start":{"line":31,"column":0},"end":{"line":31,"column":1}},"33":{"start":{"line":34,"column":0},"end":{"line":34,"column":24}},"34":{"start":{"line":35,"column":0},"end":{"line":35,"column":97}},"35":{"start":{"line":36,"column":0},"end":{"line":36,"column":102}},"36":{"start":{"line":37,"column":0},"end":{"line":37,"column":49}},"37":{"start":{"line":38,"column":0},"end":{"line":38,"column":55}},"38":{"start":{"line":39,"column":0},"end":{"line":39,"column":16}},"39":{"start":{"line":40,"column":0},"end":{"line":40,"column":4}},"41":{"start":{"line":42,"column":0},"end":{"line":42,"column":79}},"42":{"start":{"line":43,"column":0},"end":{"line":43,"column":92}},"43":{"start":{"line":44,"column":0},"end":{"line":44,"column":49}},"44":{"start":{"line":45,"column":0},"end":{"line":45,"column":55}},"45":{"start":{"line":46,"column":0},"end":{"line":46,"column":16}},"46":{"start":{"line":47,"column":0},"end":{"line":47,"column":4}},"48":{"start":{"line":49,"column":0},"end":{"line":49,"column":23}},"49":{"start":{"line":50,"column":0},"end":{"line":50,"column":40}},"50":{"start":{"line":51,"column":0},"end":{"line":51,"column":43}},"51":{"start":{"line":52,"column":0},"end":{"line":52,"column":4}},"53":{"start":{"line":54,"column":0},"end":{"line":54,"column":42}},"54":{"start":{"line":55,"column":0},"end":{"line":55,"column":2}},"57":{"start":{"line":58,"column":0},"end":{"line":58,"column":25}},"58":{"start":{"line":59,"column":0},"end":{"line":59,"column":66}},"59":{"start":{"line":60,"column":0},"end":{"line":60,"column":2}},"62":{"start":{"line":63,"column":0},"end":{"line":63,"column":24}},"63":{"start":{"line":64,"column":0},"end":{"line":64,"column":63}},"64":{"start":{"line":65,"column":0},"end":{"line":65,"column":67}},"66":{"start":{"line":67,"column":0},"end":{"line":67,"column":12}},"67":{"start":{"line":68,"column":0},"end":{"line":68,"column":25}},"68":{"start":{"line":69,"column":0},"end":{"line":69,"column":23}},"69":{"start":{"line":70,"column":0},"end":{"line":70,"column":19}},"70":{"start":{"line":71,"column":0},"end":{"line":71,"column":21}},"72":{"start":{"line":73,"column":0},"end":{"line":73,"column":91}},"74":{"start":{"line":75,"column":0},"end":{"line":75,"column":14}},"75":{"start":{"line":76,"column":0},"end":{"line":76,"column":25}},"76":{"start":{"line":77,"column":0},"end":{"line":77,"column":23}},"77":{"start":{"line":78,"column":0},"end":{"line":78,"column":21}},"79":{"start":{"line":80,"column":0},"end":{"line":80,"column":99}},"81":{"start":{"line":82,"column":0},"end":{"line":82,"column":12}},"82":{"start":{"line":83,"column":0},"end":{"line":83,"column":22}},"83":{"start":{"line":84,"column":0},"end":{"line":84,"column":75}},"85":{"start":{"line":86,"column":0},"end":{"line":86,"column":78}},"86":{"start":{"line":87,"column":0},"end":{"line":87,"column":2}},"91":{"start":{"line":92,"column":0},"end":{"line":92,"column":41}},"92":{"start":{"line":93,"column":0},"end":{"line":93,"column":37}},"93":{"start":{"line":94,"column":0},"end":{"line":94,"column":28}},"94":{"start":{"line":95,"column":0},"end":{"line":95,"column":63}},"95":{"start":{"line":96,"column":0},"end":{"line":96,"column":51}},"96":{"start":{"line":97,"column":0},"end":{"line":97,"column":10}},"97":{"start":{"line":98,"column":0},"end":{"line":98,"column":7}},"98":{"start":{"line":99,"column":0},"end":{"line":99,"column":15}},"99":{"start":{"line":100,"column":0},"end":{"line":100,"column":90}},"100":{"start":{"line":101,"column":0},"end":{"line":101,"column":5}},"102":{"start":{"line":103,"column":0},"end":{"line":103,"column":1}},"105":{"start":{"line":106,"column":0},"end":{"line":106,"column":39}},"106":{"start":{"line":107,"column":0},"end":{"line":107,"column":37}},"107":{"start":{"line":108,"column":0},"end":{"line":108,"column":63}},"108":{"start":{"line":109,"column":0},"end":{"line":109,"column":28}},"109":{"start":{"line":110,"column":0},"end":{"line":110,"column":1}},"111":{"start":{"line":112,"column":0},"end":{"line":112,"column":47}},"112":{"start":{"line":113,"column":0},"end":{"line":113,"column":25}},"113":{"start":{"line":114,"column":0},"end":{"line":114,"column":79}},"114":{"start":{"line":115,"column":0},"end":{"line":115,"column":1}},"117":{"start":{"line":118,"column":0},"end":{"line":118,"column":69}},"118":{"start":{"line":119,"column":0},"end":{"line":119,"column":48}},"120":{"start":{"line":121,"column":0},"end":{"line":121,"column":37}},"121":{"start":{"line":122,"column":0},"end":{"line":122,"column":34}},"123":{"start":{"line":124,"column":0},"end":{"line":124,"column":36}},"124":{"start":{"line":125,"column":0},"end":{"line":125,"column":32}},"125":{"start":{"line":126,"column":0},"end":{"line":126,"column":78}},"126":{"start":{"line":127,"column":0},"end":{"line":127,"column":47}},"127":{"start":{"line":128,"column":0},"end":{"line":128,"column":85}},"128":{"start":{"line":129,"column":0},"end":{"line":129,"column":1}},"131":{"start":{"line":132,"column":0},"end":{"line":132,"column":59}},"132":{"start":{"line":133,"column":0},"end":{"line":133,"column":48}},"133":{"start":{"line":134,"column":0},"end":{"line":134,"column":37}},"134":{"start":{"line":135,"column":0},"end":{"line":135,"column":34}},"135":{"start":{"line":136,"column":0},"end":{"line":136,"column":36}},"136":{"start":{"line":137,"column":0},"end":{"line":137,"column":32}},"137":{"start":{"line":138,"column":0},"end":{"line":138,"column":78}},"138":{"start":{"line":139,"column":0},"end":{"line":139,"column":34}},"139":{"start":{"line":140,"column":0},"end":{"line":140,"column":39}},"140":{"start":{"line":141,"column":0},"end":{"line":141,"column":26}},"141":{"start":{"line":142,"column":0},"end":{"line":142,"column":70}},"142":{"start":{"line":143,"column":0},"end":{"line":143,"column":43}},"143":{"start":{"line":144,"column":0},"end":{"line":144,"column":1}},"146":{"start":{"line":147,"column":0},"end":{"line":147,"column":110}},"147":{"start":{"line":148,"column":0},"end":{"line":148,"column":65}},"148":{"start":{"line":149,"column":0},"end":{"line":149,"column":63}},"149":{"start":{"line":150,"column":0},"end":{"line":150,"column":63}},"150":{"start":{"line":151,"column":0},"end":{"line":151,"column":25}},"151":{"start":{"line":152,"column":0},"end":{"line":152,"column":17}},"152":{"start":{"line":153,"column":0},"end":{"line":153,"column":50}},"153":{"start":{"line":154,"column":0},"end":{"line":154,"column":3}},"154":{"start":{"line":155,"column":0},"end":{"line":155,"column":32}},"155":{"start":{"line":156,"column":0},"end":{"line":156,"column":82}},"156":{"start":{"line":157,"column":0},"end":{"line":157,"column":3}},"157":{"start":{"line":158,"column":0},"end":{"line":158,"column":14}},"158":{"start":{"line":159,"column":0},"end":{"line":159,"column":1}}},"s":{"3":1,"5":10,"6":10,"7":10,"9":8,"10":8,"11":8,"12":8,"14":8,"15":8,"16":8,"17":8,"18":8,"20":8,"21":0,"22":0,"23":0,"24":0,"25":0,"27":8,"28":8,"29":7,"30":7,"33":1,"34":1,"35":1,"36":1,"37":1,"38":1,"39":1,"41":1,"42":2,"43":1,"44":1,"45":1,"46":2,"48":1,"49":1,"50":1,"51":1,"53":1,"54":1,"57":1,"58":1,"59":1,"62":1,"63":1,"64":1,"66":1,"67":1,"68":1,"69":1,"70":1,"72":1,"74":1,"75":1,"76":1,"77":1,"79":1,"81":1,"82":1,"83":1,"85":1,"86":1,"91":7,"92":7,"93":7,"94":7,"95":7,"96":7,"97":7,"98":7,"99":7,"100":7,"102":7,"105":7,"106":7,"107":7,"108":7,"109":7,"111":1,"112":1,"113":1,"114":1,"117":1,"118":6,"120":6,"121":6,"123":6,"124":6,"125":6,"126":6,"127":6,"128":6,"131":1,"132":2,"133":2,"134":2,"135":2,"136":2,"137":2,"138":2,"139":2,"140":2,"141":4,"142":2,"143":2,"146":1,"147":3,"148":3,"149":3,"150":3,"151":21,"152":21,"153":21,"154":3,"155":3,"156":3,"157":3,"158":3},"branchMap":{"0":{"type":"branch","line":6,"loc":{"start":{"line":6,"column":0},"end":{"line":8,"column":1}},"locations":[{"start":{"line":6,"column":0},"end":{"line":8,"column":1}}]},"1":{"type":"branch","line":10,"loc":{"start":{"line":10,"column":0},"end":{"line":31,"column":1}},"locations":[{"start":{"line":10,"column":0},"end":{"line":31,"column":1}}]},"2":{"type":"branch","line":13,"loc":{"start":{"line":13,"column":13},"end":{"line":13,"column":58}},"locations":[{"start":{"line":13,"column":13},"end":{"line":13,"column":58}}]},"3":{"type":"branch","line":18,"loc":{"start":{"line":18,"column":19},"end":{"line":18,"column":54}},"locations":[{"start":{"line":18,"column":19},"end":{"line":18,"column":54}}]},"4":{"type":"branch","line":18,"loc":{"start":{"line":18,"column":50},"end":{"line":18,"column":64}},"locations":[{"start":{"line":18,"column":50},"end":{"line":18,"column":64}}]},"5":{"type":"branch","line":21,"loc":{"start":{"line":21,"column":26},"end":{"line":26,"column":3}},"locations":[{"start":{"line":21,"column":26},"end":{"line":26,"column":3}}]},"6":{"type":"branch","line":29,"loc":{"start":{"line":29,"column":15},"end":{"line":29,"column":86}},"locations":[{"start":{"line":29,"column":15},"end":{"line":29,"column":86}}]},"7":{"type":"branch","line":29,"loc":{"start":{"line":29,"column":59},"end":{"line":29,"column":84}},"locations":[{"start":{"line":29,"column":59},"end":{"line":29,"column":84}}]},"8":{"type":"branch","line":29,"loc":{"start":{"line":29,"column":84},"end":{"line":31,"column":1}},"locations":[{"start":{"line":29,"column":84},"end":{"line":31,"column":1}}]},"9":{"type":"branch","line":35,"loc":{"start":{"line":35,"column":12},"end":{"line":40,"column":4}},"locations":[{"start":{"line":35,"column":12},"end":{"line":40,"column":4}}]},"10":{"type":"branch","line":42,"loc":{"start":{"line":42,"column":9},"end":{"line":47,"column":4}},"locations":[{"start":{"line":42,"column":9},"end":{"line":47,"column":4}}]},"11":{"type":"branch","line":43,"loc":{"start":{"line":43,"column":90},"end":{"line":46,"column":16}},"locations":[{"start":{"line":43,"column":90},"end":{"line":46,"column":16}}]},"12":{"type":"branch","line":49,"loc":{"start":{"line":49,"column":10},"end":{"line":52,"column":4}},"locations":[{"start":{"line":49,"column":10},"end":{"line":52,"column":4}}]},"13":{"type":"branch","line":54,"loc":{"start":{"line":54,"column":14},"end":{"line":54,"column":42}},"locations":[{"start":{"line":54,"column":14},"end":{"line":54,"column":42}}]},"14":{"type":"branch","line":59,"loc":{"start":{"line":59,"column":10},"end":{"line":59,"column":66}},"locations":[{"start":{"line":59,"column":10},"end":{"line":59,"column":66}}]},"15":{"type":"branch","line":64,"loc":{"start":{"line":64,"column":11},"end":{"line":65,"column":67}},"locations":[{"start":{"line":64,"column":11},"end":{"line":65,"column":67}}]},"16":{"type":"branch","line":67,"loc":{"start":{"line":67,"column":11},"end":{"line":73,"column":91}},"locations":[{"start":{"line":67,"column":11},"end":{"line":73,"column":91}}]},"17":{"type":"branch","line":75,"loc":{"start":{"line":75,"column":13},"end":{"line":80,"column":99}},"locations":[{"start":{"line":75,"column":13},"end":{"line":80,"column":99}}]},"18":{"type":"branch","line":82,"loc":{"start":{"line":82,"column":11},"end":{"line":86,"column":78}},"locations":[{"start":{"line":82,"column":11},"end":{"line":86,"column":78}}]},"19":{"type":"branch","line":92,"loc":{"start":{"line":92,"column":0},"end":{"line":103,"column":1}},"locations":[{"start":{"line":92,"column":0},"end":{"line":103,"column":1}}]},"20":{"type":"branch","line":106,"loc":{"start":{"line":106,"column":0},"end":{"line":110,"column":1}},"locations":[{"start":{"line":106,"column":0},"end":{"line":110,"column":1}}]},"21":{"type":"branch","line":112,"loc":{"start":{"line":112,"column":7},"end":{"line":115,"column":1}},"locations":[{"start":{"line":112,"column":7},"end":{"line":115,"column":1}}]},"22":{"type":"branch","line":118,"loc":{"start":{"line":118,"column":7},"end":{"line":129,"column":1}},"locations":[{"start":{"line":118,"column":7},"end":{"line":129,"column":1}}]},"23":{"type":"branch","line":132,"loc":{"start":{"line":132,"column":7},"end":{"line":144,"column":1}},"locations":[{"start":{"line":132,"column":7},"end":{"line":144,"column":1}}]},"24":{"type":"branch","line":141,"loc":{"start":{"line":141,"column":14},"end":{"line":142,"column":70}},"locations":[{"start":{"line":141,"column":14},"end":{"line":142,"column":70}}]},"25":{"type":"branch","line":147,"loc":{"start":{"line":147,"column":7},"end":{"line":159,"column":1}},"locations":[{"start":{"line":147,"column":7},"end":{"line":159,"column":1}}]},"26":{"type":"branch","line":151,"loc":{"start":{"line":151,"column":24},"end":{"line":154,"column":3}},"locations":[{"start":{"line":151,"column":24},"end":{"line":154,"column":3}}]},"27":{"type":"branch","line":153,"loc":{"start":{"line":153,"column":32},"end":{"line":153,"column":50}},"locations":[{"start":{"line":153,"column":32},"end":{"line":153,"column":50}}]}},"b":{"0":[10],"1":[8],"2":[4],"3":[6],"4":[2],"5":[0],"6":[1],"7":[0],"8":[7],"9":[1],"10":[2],"11":[1],"12":[1],"13":[2],"14":[1],"15":[1],"16":[1],"17":[1],"18":[1],"19":[7],"20":[7],"21":[1],"22":[6],"23":[2],"24":[4],"25":[3],"26":[21],"27":[84]},"fnMap":{"0":{"name":"getToken","decl":{"start":{"line":6,"column":0},"end":{"line":8,"column":1}},"loc":{"start":{"line":6,"column":0},"end":{"line":8,"column":1}},"line":6},"1":{"name":"request","decl":{"start":{"line":10,"column":0},"end":{"line":31,"column":1}},"loc":{"start":{"line":10,"column":0},"end":{"line":31,"column":1}},"line":10},"2":{"name":"register","decl":{"start":{"line":35,"column":12},"end":{"line":40,"column":4}},"loc":{"start":{"line":35,"column":12},"end":{"line":40,"column":4}},"line":35},"3":{"name":"login","decl":{"start":{"line":42,"column":9},"end":{"line":47,"column":4}},"loc":{"start":{"line":42,"column":9},"end":{"line":47,"column":4}},"line":42},"4":{"name":"logout","decl":{"start":{"line":49,"column":10},"end":{"line":52,"column":4}},"loc":{"start":{"line":49,"column":10},"end":{"line":52,"column":4}},"line":49},"5":{"name":"isLoggedIn","decl":{"start":{"line":54,"column":14},"end":{"line":54,"column":42}},"loc":{"start":{"line":54,"column":14},"end":{"line":54,"column":42}},"line":54},"6":{"name":"getAll","decl":{"start":{"line":59,"column":10},"end":{"line":59,"column":66}},"loc":{"start":{"line":59,"column":10},"end":{"line":59,"column":66}},"line":59},"7":{"name":"getWeek","decl":{"start":{"line":64,"column":11},"end":{"line":65,"column":67}},"loc":{"start":{"line":64,"column":11},"end":{"line":65,"column":67}},"line":64},"8":{"name":"setSlot","decl":{"start":{"line":67,"column":11},"end":{"line":73,"column":91}},"loc":{"start":{"line":67,"column":11},"end":{"line":73,"column":91}},"line":67},"9":{"name":"clearSlot","decl":{"start":{"line":75,"column":13},"end":{"line":80,"column":99}},"loc":{"start":{"line":75,"column":13},"end":{"line":80,"column":99}},"line":75},"10":{"name":"bulkSet","decl":{"start":{"line":82,"column":11},"end":{"line":86,"column":78}},"loc":{"start":{"line":82,"column":11},"end":{"line":86,"column":78}},"line":82},"11":{"name":"isoWeekNumber","decl":{"start":{"line":92,"column":0},"end":{"line":103,"column":1}},"loc":{"start":{"line":92,"column":0},"end":{"line":103,"column":1}},"line":92},"12":{"name":"isoWeekYear","decl":{"start":{"line":106,"column":0},"end":{"line":110,"column":1}},"loc":{"start":{"line":106,"column":0},"end":{"line":110,"column":1}},"line":106},"13":{"name":"getCurrentWeekLabel","decl":{"start":{"line":112,"column":7},"end":{"line":115,"column":1}},"loc":{"start":{"line":112,"column":7},"end":{"line":115,"column":1}},"line":112},"14":{"name":"shiftWeek","decl":{"start":{"line":118,"column":7},"end":{"line":129,"column":1}},"loc":{"start":{"line":118,"column":7},"end":{"line":129,"column":1}},"line":118},"15":{"name":"weekRangeLabel","decl":{"start":{"line":132,"column":7},"end":{"line":144,"column":1}},"loc":{"start":{"line":132,"column":7},"end":{"line":144,"column":1}},"line":132},"16":{"name":"fmt","decl":{"start":{"line":141,"column":14},"end":{"line":142,"column":70}},"loc":{"start":{"line":141,"column":14},"end":{"line":142,"column":70}},"line":141},"17":{"name":"entriesToWeekPlan","decl":{"start":{"line":147,"column":7},"end":{"line":159,"column":1}},"loc":{"start":{"line":147,"column":7},"end":{"line":159,"column":1}},"line":147}},"f":{"0":10,"1":8,"2":1,"3":2,"4":1,"5":2,"6":1,"7":1,"8":1,"9":1,"10":1,"11":7,"12":7,"13":1,"14":6,"15":2,"16":4,"17":3}}
}
